[2019-12-23 06:57:40] local.ERROR: PDOException: SQLSTATE[42S01]: Base table or view already exists: 1050 Table 'users' already exists in E:\wamp\www\upkeep\vendor\illuminate\database\Connection.php:463
Stack trace:
#0 E:\wamp\www\upkeep\vendor\illuminate\database\Connection.php(463): PDOStatement->execute()
#1 E:\wamp\www\upkeep\vendor\illuminate\database\Connection.php(662): Illuminate\Database\Connection->Illuminate\Database\{closure}('create table `u...', Array)
#2 E:\wamp\www\upkeep\vendor\illuminate\database\Connection.php(629): Illuminate\Database\Connection->runQueryCallback('create table `u...', Array, Object(Closure))
#3 E:\wamp\www\upkeep\vendor\illuminate\database\Connection.php(464): Illuminate\Database\Connection->run('create table `u...', Array, Object(Closure))
#4 E:\wamp\www\upkeep\vendor\illuminate\database\Schema\Blueprint.php(97): Illuminate\Database\Connection->statement('create table `u...')
#5 E:\wamp\www\upkeep\vendor\illuminate\database\Schema\Builder.php(290): Illuminate\Database\Schema\Blueprint->build(Object(Illuminate\Database\MySqlConnection), Object(Illuminate\Database\Schema\Grammars\MySqlGrammar))
#6 E:\wamp\www\upkeep\vendor\illuminate\database\Schema\Builder.php(167): Illuminate\Database\Schema\Builder->build(Object(Illuminate\Database\Schema\Blueprint))
#7 E:\wamp\www\upkeep\vendor\illuminate\support\Facades\Facade.php(261): Illuminate\Database\Schema\Builder->create('users', Object(Closure))
#8 E:\wamp\www\upkeep\database\migrations\2019_12_21_085015_create_users_table.php(26): Illuminate\Support\Facades\Facade::__callStatic('create', Array)
#9 E:\wamp\www\upkeep\vendor\illuminate\database\Migrations\Migrator.php(387): CreateUsersTable->up()
#10 E:\wamp\www\upkeep\vendor\illuminate\database\Migrations\Migrator.php(396): Illuminate\Database\Migrations\Migrator->Illuminate\Database\Migrations\{closure}()
#11 E:\wamp\www\upkeep\vendor\illuminate\database\Migrations\Migrator.php(197): Illuminate\Database\Migrations\Migrator->runMigration(Object(CreateUsersTable), 'up')
#12 E:\wamp\www\upkeep\vendor\illuminate\database\Migrations\Migrator.php(162): Illuminate\Database\Migrations\Migrator->runUp('E:\\wamp\\www\\upk...', 1, false)
#13 E:\wamp\www\upkeep\vendor\illuminate\database\Migrations\Migrator.php(109): Illuminate\Database\Migrations\Migrator->runPending(Array, Array)
#14 E:\wamp\www\upkeep\vendor\illuminate\database\Console\Migrations\MigrateCommand.php(71): Illuminate\Database\Migrations\Migrator->run(Array, Array)
#15 [internal function]: Illuminate\Database\Console\Migrations\MigrateCommand->handle()
#16 E:\wamp\www\upkeep\vendor\illuminate\container\BoundMethod.php(32): call_user_func_array(Array, Array)
#17 E:\wamp\www\upkeep\vendor\illuminate\container\Util.php(36): Illuminate\Container\BoundMethod::Illuminate\Container\{closure}()
#18 E:\wamp\www\upkeep\vendor\illuminate\container\BoundMethod.php(90): Illuminate\Container\Util::unwrapIfClosure(Object(Closure))
#19 E:\wamp\www\upkeep\vendor\illuminate\container\BoundMethod.php(34): Illuminate\Container\BoundMethod::callBoundMethod(Object(Laravel\Lumen\Application), Array, Object(Closure))
#20 E:\wamp\www\upkeep\vendor\illuminate\container\Container.php(590): Illuminate\Container\BoundMethod::call(Object(Laravel\Lumen\Application), Array, Array, NULL)
#21 E:\wamp\www\upkeep\vendor\illuminate\console\Command.php(202): Illuminate\Container\Container->call(Array)
#22 E:\wamp\www\upkeep\vendor\symfony\console\Command\Command.php(255): Illuminate\Console\Command->execute(Object(Symfony\Component\Console\Input\ArgvInput), Object(Illuminate\Console\OutputStyle))
#23 E:\wamp\www\upkeep\vendor\illuminate\console\Command.php(189): Symfony\Component\Console\Command\Command->run(Object(Symfony\Component\Console\Input\ArgvInput), Object(Illuminate\Console\OutputStyle))
#24 E:\wamp\www\upkeep\vendor\symfony\console\Application.php(1011): Illuminate\Console\Command->run(Object(Symfony\Component\Console\Input\ArgvInput), Object(Symfony\Component\Console\Output\ConsoleOutput))
#25 E:\wamp\www\upkeep\vendor\symfony\console\Application.php(272): Symfony\Component\Console\Application->doRunCommand(Object(Illuminate\Database\Console\Migrations\MigrateCommand), Object(Symfony\Component\Console\Input\ArgvInput), Object(Symfony\Component\Console\Output\ConsoleOutput))
#26 E:\wamp\www\upkeep\vendor\symfony\console\Application.php(148): Symfony\Component\Console\Application->doRun(Object(Symfony\Component\Console\Input\ArgvInput), Object(Symfony\Component\Console\Output\ConsoleOutput))
#27 E:\wamp\www\upkeep\vendor\illuminate\console\Application.php(93): Symfony\Component\Console\Application->run(Object(Symfony\Component\Console\Input\ArgvInput), Object(Symfony\Component\Console\Output\ConsoleOutput))
#28 E:\wamp\www\upkeep\vendor\laravel\lumen-framework\src\Console\Kernel.php(115): Illuminate\Console\Application->run(Object(Symfony\Component\Console\Input\ArgvInput), Object(Symfony\Component\Console\Output\ConsoleOutput))
#29 E:\wamp\www\upkeep\artisan(35): Laravel\Lumen\Console\Kernel->handle(Object(Symfony\Component\Console\Input\ArgvInput), Object(Symfony\Component\Console\Output\ConsoleOutput))
#30 {main}

Next Illuminate\Database\QueryException: SQLSTATE[42S01]: Base table or view already exists: 1050 Table 'users' already exists (SQL: create table `users` (`id` bigint unsigned not null auto_increment primary key, `firstname` varchar(255) not null, `lastname` varchar(255) not null, `email` varchar(255) not null, `password` varchar(255) not null, `phone` varchar(255) not null, `business_type` varchar(255) not null, `role` varchar(255) not null, `created_at` timestamp null, `updated_at` timestamp null) default character set utf8mb4 collate 'utf8mb4_unicode_ci') in E:\wamp\www\upkeep\vendor\illuminate\database\Connection.php:669
Stack trace:
#0 E:\wamp\www\upkeep\vendor\illuminate\database\Connection.php(629): Illuminate\Database\Connection->runQueryCallback('create table `u...', Array, Object(Closure))
#1 E:\wamp\www\upkeep\vendor\illuminate\database\Connection.php(464): Illuminate\Database\Connection->run('create table `u...', Array, Object(Closure))
#2 E:\wamp\www\upkeep\vendor\illuminate\database\Schema\Blueprint.php(97): Illuminate\Database\Connection->statement('create table `u...')
#3 E:\wamp\www\upkeep\vendor\illuminate\database\Schema\Builder.php(290): Illuminate\Database\Schema\Blueprint->build(Object(Illuminate\Database\MySqlConnection), Object(Illuminate\Database\Schema\Grammars\MySqlGrammar))
#4 E:\wamp\www\upkeep\vendor\illuminate\database\Schema\Builder.php(167): Illuminate\Database\Schema\Builder->build(Object(Illuminate\Database\Schema\Blueprint))
#5 E:\wamp\www\upkeep\vendor\illuminate\support\Facades\Facade.php(261): Illuminate\Database\Schema\Builder->create('users', Object(Closure))
#6 E:\wamp\www\upkeep\database\migrations\2019_12_21_085015_create_users_table.php(26): Illuminate\Support\Facades\Facade::__callStatic('create', Array)
#7 E:\wamp\www\upkeep\vendor\illuminate\database\Migrations\Migrator.php(387): CreateUsersTable->up()
#8 E:\wamp\www\upkeep\vendor\illuminate\database\Migrations\Migrator.php(396): Illuminate\Database\Migrations\Migrator->Illuminate\Database\Migrations\{closure}()
#9 E:\wamp\www\upkeep\vendor\illuminate\database\Migrations\Migrator.php(197): Illuminate\Database\Migrations\Migrator->runMigration(Object(CreateUsersTable), 'up')
#10 E:\wamp\www\upkeep\vendor\illuminate\database\Migrations\Migrator.php(162): Illuminate\Database\Migrations\Migrator->runUp('E:\\wamp\\www\\upk...', 1, false)
#11 E:\wamp\www\upkeep\vendor\illuminate\database\Migrations\Migrator.php(109): Illuminate\Database\Migrations\Migrator->runPending(Array, Array)
#12 E:\wamp\www\upkeep\vendor\illuminate\database\Console\Migrations\MigrateCommand.php(71): Illuminate\Database\Migrations\Migrator->run(Array, Array)
#13 [internal function]: Illuminate\Database\Console\Migrations\MigrateCommand->handle()
#14 E:\wamp\www\upkeep\vendor\illuminate\container\BoundMethod.php(32): call_user_func_array(Array, Array)
#15 E:\wamp\www\upkeep\vendor\illuminate\container\Util.php(36): Illuminate\Container\BoundMethod::Illuminate\Container\{closure}()
#16 E:\wamp\www\upkeep\vendor\illuminate\container\BoundMethod.php(90): Illuminate\Container\Util::unwrapIfClosure(Object(Closure))
#17 E:\wamp\www\upkeep\vendor\illuminate\container\BoundMethod.php(34): Illuminate\Container\BoundMethod::callBoundMethod(Object(Laravel\Lumen\Application), Array, Object(Closure))
#18 E:\wamp\www\upkeep\vendor\illuminate\container\Container.php(590): Illuminate\Container\BoundMethod::call(Object(Laravel\Lumen\Application), Array, Array, NULL)
#19 E:\wamp\www\upkeep\vendor\illuminate\console\Command.php(202): Illuminate\Container\Container->call(Array)
#20 E:\wamp\www\upkeep\vendor\symfony\console\Command\Command.php(255): Illuminate\Console\Command->execute(Object(Symfony\Component\Console\Input\ArgvInput), Object(Illuminate\Console\OutputStyle))
#21 E:\wamp\www\upkeep\vendor\illuminate\console\Command.php(189): Symfony\Component\Console\Command\Command->run(Object(Symfony\Component\Console\Input\ArgvInput), Object(Illuminate\Console\OutputStyle))
#22 E:\wamp\www\upkeep\vendor\symfony\console\Application.php(1011): Illuminate\Console\Command->run(Object(Symfony\Component\Console\Input\ArgvInput), Object(Symfony\Component\Console\Output\ConsoleOutput))
#23 E:\wamp\www\upkeep\vendor\symfony\console\Application.php(272): Symfony\Component\Console\Application->doRunCommand(Object(Illuminate\Database\Console\Migrations\MigrateCommand), Object(Symfony\Component\Console\Input\ArgvInput), Object(Symfony\Component\Console\Output\ConsoleOutput))
#24 E:\wamp\www\upkeep\vendor\symfony\console\Application.php(148): Symfony\Component\Console\Application->doRun(Object(Symfony\Component\Console\Input\ArgvInput), Object(Symfony\Component\Console\Output\ConsoleOutput))
#25 E:\wamp\www\upkeep\vendor\illuminate\console\Application.php(93): Symfony\Component\Console\Application->run(Object(Symfony\Component\Console\Input\ArgvInput), Object(Symfony\Component\Console\Output\ConsoleOutput))
#26 E:\wamp\www\upkeep\vendor\laravel\lumen-framework\src\Console\Kernel.php(115): Illuminate\Console\Application->run(Object(Symfony\Component\Console\Input\ArgvInput), Object(Symfony\Component\Console\Output\ConsoleOutput))
#27 E:\wamp\www\upkeep\artisan(35): Laravel\Lumen\Console\Kernel->handle(Object(Symfony\Component\Console\Input\ArgvInput), Object(Symfony\Component\Console\Output\ConsoleOutput))
#28 {main} {"exception":"[object] (Illuminate\\Database\\QueryException(code: 42S01): SQLSTATE[42S01]: Base table or view already exists: 1050 Table 'users' already exists (SQL: create table `users` (`id` bigint unsigned not null auto_increment primary key, `firstname` varchar(255) not null, `lastname` varchar(255) not null, `email` varchar(255) not null, `password` varchar(255) not null, `phone` varchar(255) not null, `business_type` varchar(255) not null, `role` varchar(255) not null, `created_at` timestamp null, `updated_at` timestamp null) default character set utf8mb4 collate 'utf8mb4_unicode_ci') at E:\\wamp\\www\\upkeep\\vendor\\illuminate\\database\\Connection.php:669)
[stacktrace]
#0 E:\\wamp\\www\\upkeep\\vendor\\illuminate\\database\\Connection.php(629): Illuminate\\Database\\Connection->runQueryCallback('create table `u...', Array, Object(Closure))
#1 E:\\wamp\\www\\upkeep\\vendor\\illuminate\\database\\Connection.php(464): Illuminate\\Database\\Connection->run('create table `u...', Array, Object(Closure))
#2 E:\\wamp\\www\\upkeep\\vendor\\illuminate\\database\\Schema\\Blueprint.php(97): Illuminate\\Database\\Connection->statement('create table `u...')
#3 E:\\wamp\\www\\upkeep\\vendor\\illuminate\\database\\Schema\\Builder.php(290): Illuminate\\Database\\Schema\\Blueprint->build(Object(Illuminate\\Database\\MySqlConnection), Object(Illuminate\\Database\\Schema\\Grammars\\MySqlGrammar))
#4 E:\\wamp\\www\\upkeep\\vendor\\illuminate\\database\\Schema\\Builder.php(167): Illuminate\\Database\\Schema\\Builder->build(Object(Illuminate\\Database\\Schema\\Blueprint))
#5 E:\\wamp\\www\\upkeep\\vendor\\illuminate\\support\\Facades\\Facade.php(261): Illuminate\\Database\\Schema\\Builder->create('users', Object(Closure))
#6 E:\\wamp\\www\\upkeep\\database\\migrations\\2019_12_21_085015_create_users_table.php(26): Illuminate\\Support\\Facades\\Facade::__callStatic('create', Array)
#7 E:\\wamp\\www\\upkeep\\vendor\\illuminate\\database\\Migrations\\Migrator.php(387): CreateUsersTable->up()
#8 E:\\wamp\\www\\upkeep\\vendor\\illuminate\\database\\Migrations\\Migrator.php(396): Illuminate\\Database\\Migrations\\Migrator->Illuminate\\Database\\Migrations\\{closure}()
#9 E:\\wamp\\www\\upkeep\\vendor\\illuminate\\database\\Migrations\\Migrator.php(197): Illuminate\\Database\\Migrations\\Migrator->runMigration(Object(CreateUsersTable), 'up')
#10 E:\\wamp\\www\\upkeep\\vendor\\illuminate\\database\\Migrations\\Migrator.php(162): Illuminate\\Database\\Migrations\\Migrator->runUp('E:\\\\wamp\\\\www\\\\upk...', 1, false)
#11 E:\\wamp\\www\\upkeep\\vendor\\illuminate\\database\\Migrations\\Migrator.php(109): Illuminate\\Database\\Migrations\\Migrator->runPending(Array, Array)
#12 E:\\wamp\\www\\upkeep\\vendor\\illuminate\\database\\Console\\Migrations\\MigrateCommand.php(71): Illuminate\\Database\\Migrations\\Migrator->run(Array, Array)
#13 [internal function]: Illuminate\\Database\\Console\\Migrations\\MigrateCommand->handle()
#14 E:\\wamp\\www\\upkeep\\vendor\\illuminate\\container\\BoundMethod.php(32): call_user_func_array(Array, Array)
#15 E:\\wamp\\www\\upkeep\\vendor\\illuminate\\container\\Util.php(36): Illuminate\\Container\\BoundMethod::Illuminate\\Container\\{closure}()
#16 E:\\wamp\\www\\upkeep\\vendor\\illuminate\\container\\BoundMethod.php(90): Illuminate\\Container\\Util::unwrapIfClosure(Object(Closure))
#17 E:\\wamp\\www\\upkeep\\vendor\\illuminate\\container\\BoundMethod.php(34): Illuminate\\Container\\BoundMethod::callBoundMethod(Object(Laravel\\Lumen\\Application), Array, Object(Closure))
#18 E:\\wamp\\www\\upkeep\\vendor\\illuminate\\container\\Container.php(590): Illuminate\\Container\\BoundMethod::call(Object(Laravel\\Lumen\\Application), Array, Array, NULL)
#19 E:\\wamp\\www\\upkeep\\vendor\\illuminate\\console\\Command.php(202): Illuminate\\Container\\Container->call(Array)
#20 E:\\wamp\\www\\upkeep\\vendor\\symfony\\console\\Command\\Command.php(255): Illuminate\\Console\\Command->execute(Object(Symfony\\Component\\Console\\Input\\ArgvInput), Object(Illuminate\\Console\\OutputStyle))
#21 E:\\wamp\\www\\upkeep\\vendor\\illuminate\\console\\Command.php(189): Symfony\\Component\\Console\\Command\\Command->run(Object(Symfony\\Component\\Console\\Input\\ArgvInput), Object(Illuminate\\Console\\OutputStyle))
#22 E:\\wamp\\www\\upkeep\\vendor\\symfony\\console\\Application.php(1011): Illuminate\\Console\\Command->run(Object(Symfony\\Component\\Console\\Input\\ArgvInput), Object(Symfony\\Component\\Console\\Output\\ConsoleOutput))
#23 E:\\wamp\\www\\upkeep\\vendor\\symfony\\console\\Application.php(272): Symfony\\Component\\Console\\Application->doRunCommand(Object(Illuminate\\Database\\Console\\Migrations\\MigrateCommand), Object(Symfony\\Component\\Console\\Input\\ArgvInput), Object(Symfony\\Component\\Console\\Output\\ConsoleOutput))
#24 E:\\wamp\\www\\upkeep\\vendor\\symfony\\console\\Application.php(148): Symfony\\Component\\Console\\Application->doRun(Object(Symfony\\Component\\Console\\Input\\ArgvInput), Object(Symfony\\Component\\Console\\Output\\ConsoleOutput))
#25 E:\\wamp\\www\\upkeep\\vendor\\illuminate\\console\\Application.php(93): Symfony\\Component\\Console\\Application->run(Object(Symfony\\Component\\Console\\Input\\ArgvInput), Object(Symfony\\Component\\Console\\Output\\ConsoleOutput))
#26 E:\\wamp\\www\\upkeep\\vendor\\laravel\\lumen-framework\\src\\Console\\Kernel.php(115): Illuminate\\Console\\Application->run(Object(Symfony\\Component\\Console\\Input\\ArgvInput), Object(Symfony\\Component\\Console\\Output\\ConsoleOutput))
#27 E:\\wamp\\www\\upkeep\\artisan(35): Laravel\\Lumen\\Console\\Kernel->handle(Object(Symfony\\Component\\Console\\Input\\ArgvInput), Object(Symfony\\Component\\Console\\Output\\ConsoleOutput))
#28 {main}

[previous exception] [object] (PDOException(code: 42S01): SQLSTATE[42S01]: Base table or view already exists: 1050 Table 'users' already exists at E:\\wamp\\www\\upkeep\\vendor\\illuminate\\database\\Connection.php:463)
[stacktrace]
#0 E:\\wamp\\www\\upkeep\\vendor\\illuminate\\database\\Connection.php(463): PDOStatement->execute()
#1 E:\\wamp\\www\\upkeep\\vendor\\illuminate\\database\\Connection.php(662): Illuminate\\Database\\Connection->Illuminate\\Database\\{closure}('create table `u...', Array)
#2 E:\\wamp\\www\\upkeep\\vendor\\illuminate\\database\\Connection.php(629): Illuminate\\Database\\Connection->runQueryCallback('create table `u...', Array, Object(Closure))
#3 E:\\wamp\\www\\upkeep\\vendor\\illuminate\\database\\Connection.php(464): Illuminate\\Database\\Connection->run('create table `u...', Array, Object(Closure))
#4 E:\\wamp\\www\\upkeep\\vendor\\illuminate\\database\\Schema\\Blueprint.php(97): Illuminate\\Database\\Connection->statement('create table `u...')
#5 E:\\wamp\\www\\upkeep\\vendor\\illuminate\\database\\Schema\\Builder.php(290): Illuminate\\Database\\Schema\\Blueprint->build(Object(Illuminate\\Database\\MySqlConnection), Object(Illuminate\\Database\\Schema\\Grammars\\MySqlGrammar))
#6 E:\\wamp\\www\\upkeep\\vendor\\illuminate\\database\\Schema\\Builder.php(167): Illuminate\\Database\\Schema\\Builder->build(Object(Illuminate\\Database\\Schema\\Blueprint))
#7 E:\\wamp\\www\\upkeep\\vendor\\illuminate\\support\\Facades\\Facade.php(261): Illuminate\\Database\\Schema\\Builder->create('users', Object(Closure))
#8 E:\\wamp\\www\\upkeep\\database\\migrations\\2019_12_21_085015_create_users_table.php(26): Illuminate\\Support\\Facades\\Facade::__callStatic('create', Array)
#9 E:\\wamp\\www\\upkeep\\vendor\\illuminate\\database\\Migrations\\Migrator.php(387): CreateUsersTable->up()
#10 E:\\wamp\\www\\upkeep\\vendor\\illuminate\\database\\Migrations\\Migrator.php(396): Illuminate\\Database\\Migrations\\Migrator->Illuminate\\Database\\Migrations\\{closure}()
#11 E:\\wamp\\www\\upkeep\\vendor\\illuminate\\database\\Migrations\\Migrator.php(197): Illuminate\\Database\\Migrations\\Migrator->runMigration(Object(CreateUsersTable), 'up')
#12 E:\\wamp\\www\\upkeep\\vendor\\illuminate\\database\\Migrations\\Migrator.php(162): Illuminate\\Database\\Migrations\\Migrator->runUp('E:\\\\wamp\\\\www\\\\upk...', 1, false)
#13 E:\\wamp\\www\\upkeep\\vendor\\illuminate\\database\\Migrations\\Migrator.php(109): Illuminate\\Database\\Migrations\\Migrator->runPending(Array, Array)
#14 E:\\wamp\\www\\upkeep\\vendor\\illuminate\\database\\Console\\Migrations\\MigrateCommand.php(71): Illuminate\\Database\\Migrations\\Migrator->run(Array, Array)
#15 [internal function]: Illuminate\\Database\\Console\\Migrations\\MigrateCommand->handle()
#16 E:\\wamp\\www\\upkeep\\vendor\\illuminate\\container\\BoundMethod.php(32): call_user_func_array(Array, Array)
#17 E:\\wamp\\www\\upkeep\\vendor\\illuminate\\container\\Util.php(36): Illuminate\\Container\\BoundMethod::Illuminate\\Container\\{closure}()
#18 E:\\wamp\\www\\upkeep\\vendor\\illuminate\\container\\BoundMethod.php(90): Illuminate\\Container\\Util::unwrapIfClosure(Object(Closure))
#19 E:\\wamp\\www\\upkeep\\vendor\\illuminate\\container\\BoundMethod.php(34): Illuminate\\Container\\BoundMethod::callBoundMethod(Object(Laravel\\Lumen\\Application), Array, Object(Closure))
#20 E:\\wamp\\www\\upkeep\\vendor\\illuminate\\container\\Container.php(590): Illuminate\\Container\\BoundMethod::call(Object(Laravel\\Lumen\\Application), Array, Array, NULL)
#21 E:\\wamp\\www\\upkeep\\vendor\\illuminate\\console\\Command.php(202): Illuminate\\Container\\Container->call(Array)
#22 E:\\wamp\\www\\upkeep\\vendor\\symfony\\console\\Command\\Command.php(255): Illuminate\\Console\\Command->execute(Object(Symfony\\Component\\Console\\Input\\ArgvInput), Object(Illuminate\\Console\\OutputStyle))
#23 E:\\wamp\\www\\upkeep\\vendor\\illuminate\\console\\Command.php(189): Symfony\\Component\\Console\\Command\\Command->run(Object(Symfony\\Component\\Console\\Input\\ArgvInput), Object(Illuminate\\Console\\OutputStyle))
#24 E:\\wamp\\www\\upkeep\\vendor\\symfony\\console\\Application.php(1011): Illuminate\\Console\\Command->run(Object(Symfony\\Component\\Console\\Input\\ArgvInput), Object(Symfony\\Component\\Console\\Output\\ConsoleOutput))
#25 E:\\wamp\\www\\upkeep\\vendor\\symfony\\console\\Application.php(272): Symfony\\Component\\Console\\Application->doRunCommand(Object(Illuminate\\Database\\Console\\Migrations\\MigrateCommand), Object(Symfony\\Component\\Console\\Input\\ArgvInput), Object(Symfony\\Component\\Console\\Output\\ConsoleOutput))
#26 E:\\wamp\\www\\upkeep\\vendor\\symfony\\console\\Application.php(148): Symfony\\Component\\Console\\Application->doRun(Object(Symfony\\Component\\Console\\Input\\ArgvInput), Object(Symfony\\Component\\Console\\Output\\ConsoleOutput))
#27 E:\\wamp\\www\\upkeep\\vendor\\illuminate\\console\\Application.php(93): Symfony\\Component\\Console\\Application->run(Object(Symfony\\Component\\Console\\Input\\ArgvInput), Object(Symfony\\Component\\Console\\Output\\ConsoleOutput))
#28 E:\\wamp\\www\\upkeep\\vendor\\laravel\\lumen-framework\\src\\Console\\Kernel.php(115): Illuminate\\Console\\Application->run(Object(Symfony\\Component\\Console\\Input\\ArgvInput), Object(Symfony\\Component\\Console\\Output\\ConsoleOutput))
#29 E:\\wamp\\www\\upkeep\\artisan(35): Laravel\\Lumen\\Console\\Kernel->handle(Object(Symfony\\Component\\Console\\Input\\ArgvInput), Object(Symfony\\Component\\Console\\Output\\ConsoleOutput))
#30 {main}
"} 
[2019-12-23 07:00:10] local.ERROR: PDOException: SQLSTATE[42000]: Syntax error or access violation: 1071 Specified key was too long; max key length is 1000 bytes in E:\wamp\www\upkeep\vendor\illuminate\database\Connection.php:463
Stack trace:
#0 E:\wamp\www\upkeep\vendor\illuminate\database\Connection.php(463): PDOStatement->execute()
#1 E:\wamp\www\upkeep\vendor\illuminate\database\Connection.php(662): Illuminate\Database\Connection->Illuminate\Database\{closure}('alter table `us...', Array)
#2 E:\wamp\www\upkeep\vendor\illuminate\database\Connection.php(629): Illuminate\Database\Connection->runQueryCallback('alter table `us...', Array, Object(Closure))
#3 E:\wamp\www\upkeep\vendor\illuminate\database\Connection.php(464): Illuminate\Database\Connection->run('alter table `us...', Array, Object(Closure))
#4 E:\wamp\www\upkeep\vendor\illuminate\database\Schema\Blueprint.php(97): Illuminate\Database\Connection->statement('alter table `us...')
#5 E:\wamp\www\upkeep\vendor\illuminate\database\Schema\Builder.php(290): Illuminate\Database\Schema\Blueprint->build(Object(Illuminate\Database\MySqlConnection), Object(Illuminate\Database\Schema\Grammars\MySqlGrammar))
#6 E:\wamp\www\upkeep\vendor\illuminate\database\Schema\Builder.php(167): Illuminate\Database\Schema\Builder->build(Object(Illuminate\Database\Schema\Blueprint))
#7 E:\wamp\www\upkeep\vendor\illuminate\support\Facades\Facade.php(261): Illuminate\Database\Schema\Builder->create('users', Object(Closure))
#8 E:\wamp\www\upkeep\database\migrations\2019_12_21_085015_create_users_table.php(28): Illuminate\Support\Facades\Facade::__callStatic('create', Array)
#9 E:\wamp\www\upkeep\vendor\illuminate\database\Migrations\Migrator.php(387): CreateUsersTable->up()
#10 E:\wamp\www\upkeep\vendor\illuminate\database\Migrations\Migrator.php(396): Illuminate\Database\Migrations\Migrator->Illuminate\Database\Migrations\{closure}()
#11 E:\wamp\www\upkeep\vendor\illuminate\database\Migrations\Migrator.php(197): Illuminate\Database\Migrations\Migrator->runMigration(Object(CreateUsersTable), 'up')
#12 E:\wamp\www\upkeep\vendor\illuminate\database\Migrations\Migrator.php(162): Illuminate\Database\Migrations\Migrator->runUp('E:\\wamp\\www\\upk...', 1, false)
#13 E:\wamp\www\upkeep\vendor\illuminate\database\Migrations\Migrator.php(109): Illuminate\Database\Migrations\Migrator->runPending(Array, Array)
#14 E:\wamp\www\upkeep\vendor\illuminate\database\Console\Migrations\MigrateCommand.php(71): Illuminate\Database\Migrations\Migrator->run(Array, Array)
#15 [internal function]: Illuminate\Database\Console\Migrations\MigrateCommand->handle()
#16 E:\wamp\www\upkeep\vendor\illuminate\container\BoundMethod.php(32): call_user_func_array(Array, Array)
#17 E:\wamp\www\upkeep\vendor\illuminate\container\Util.php(36): Illuminate\Container\BoundMethod::Illuminate\Container\{closure}()
#18 E:\wamp\www\upkeep\vendor\illuminate\container\BoundMethod.php(90): Illuminate\Container\Util::unwrapIfClosure(Object(Closure))
#19 E:\wamp\www\upkeep\vendor\illuminate\container\BoundMethod.php(34): Illuminate\Container\BoundMethod::callBoundMethod(Object(Laravel\Lumen\Application), Array, Object(Closure))
#20 E:\wamp\www\upkeep\vendor\illuminate\container\Container.php(590): Illuminate\Container\BoundMethod::call(Object(Laravel\Lumen\Application), Array, Array, NULL)
#21 E:\wamp\www\upkeep\vendor\illuminate\console\Command.php(202): Illuminate\Container\Container->call(Array)
#22 E:\wamp\www\upkeep\vendor\symfony\console\Command\Command.php(255): Illuminate\Console\Command->execute(Object(Symfony\Component\Console\Input\ArgvInput), Object(Illuminate\Console\OutputStyle))
#23 E:\wamp\www\upkeep\vendor\illuminate\console\Command.php(189): Symfony\Component\Console\Command\Command->run(Object(Symfony\Component\Console\Input\ArgvInput), Object(Illuminate\Console\OutputStyle))
#24 E:\wamp\www\upkeep\vendor\symfony\console\Application.php(1011): Illuminate\Console\Command->run(Object(Symfony\Component\Console\Input\ArgvInput), Object(Symfony\Component\Console\Output\ConsoleOutput))
#25 E:\wamp\www\upkeep\vendor\symfony\console\Application.php(272): Symfony\Component\Console\Application->doRunCommand(Object(Illuminate\Database\Console\Migrations\MigrateCommand), Object(Symfony\Component\Console\Input\ArgvInput), Object(Symfony\Component\Console\Output\ConsoleOutput))
#26 E:\wamp\www\upkeep\vendor\symfony\console\Application.php(148): Symfony\Component\Console\Application->doRun(Object(Symfony\Component\Console\Input\ArgvInput), Object(Symfony\Component\Console\Output\ConsoleOutput))
#27 E:\wamp\www\upkeep\vendor\illuminate\console\Application.php(93): Symfony\Component\Console\Application->run(Object(Symfony\Component\Console\Input\ArgvInput), Object(Symfony\Component\Console\Output\ConsoleOutput))
#28 E:\wamp\www\upkeep\vendor\laravel\lumen-framework\src\Console\Kernel.php(115): Illuminate\Console\Application->run(Object(Symfony\Component\Console\Input\ArgvInput), Object(Symfony\Component\Console\Output\ConsoleOutput))
#29 E:\wamp\www\upkeep\artisan(35): Laravel\Lumen\Console\Kernel->handle(Object(Symfony\Component\Console\Input\ArgvInput), Object(Symfony\Component\Console\Output\ConsoleOutput))
#30 {main}

Next Illuminate\Database\QueryException: SQLSTATE[42000]: Syntax error or access violation: 1071 Specified key was too long; max key length is 1000 bytes (SQL: alter table `users` add unique `users_email_unique`(`email`)) in E:\wamp\www\upkeep\vendor\illuminate\database\Connection.php:669
Stack trace:
#0 E:\wamp\www\upkeep\vendor\illuminate\database\Connection.php(629): Illuminate\Database\Connection->runQueryCallback('alter table `us...', Array, Object(Closure))
#1 E:\wamp\www\upkeep\vendor\illuminate\database\Connection.php(464): Illuminate\Database\Connection->run('alter table `us...', Array, Object(Closure))
#2 E:\wamp\www\upkeep\vendor\illuminate\database\Schema\Blueprint.php(97): Illuminate\Database\Connection->statement('alter table `us...')
#3 E:\wamp\www\upkeep\vendor\illuminate\database\Schema\Builder.php(290): Illuminate\Database\Schema\Blueprint->build(Object(Illuminate\Database\MySqlConnection), Object(Illuminate\Database\Schema\Grammars\MySqlGrammar))
#4 E:\wamp\www\upkeep\vendor\illuminate\database\Schema\Builder.php(167): Illuminate\Database\Schema\Builder->build(Object(Illuminate\Database\Schema\Blueprint))
#5 E:\wamp\www\upkeep\vendor\illuminate\support\Facades\Facade.php(261): Illuminate\Database\Schema\Builder->create('users', Object(Closure))
#6 E:\wamp\www\upkeep\database\migrations\2019_12_21_085015_create_users_table.php(28): Illuminate\Support\Facades\Facade::__callStatic('create', Array)
#7 E:\wamp\www\upkeep\vendor\illuminate\database\Migrations\Migrator.php(387): CreateUsersTable->up()
#8 E:\wamp\www\upkeep\vendor\illuminate\database\Migrations\Migrator.php(396): Illuminate\Database\Migrations\Migrator->Illuminate\Database\Migrations\{closure}()
#9 E:\wamp\www\upkeep\vendor\illuminate\database\Migrations\Migrator.php(197): Illuminate\Database\Migrations\Migrator->runMigration(Object(CreateUsersTable), 'up')
#10 E:\wamp\www\upkeep\vendor\illuminate\database\Migrations\Migrator.php(162): Illuminate\Database\Migrations\Migrator->runUp('E:\\wamp\\www\\upk...', 1, false)
#11 E:\wamp\www\upkeep\vendor\illuminate\database\Migrations\Migrator.php(109): Illuminate\Database\Migrations\Migrator->runPending(Array, Array)
#12 E:\wamp\www\upkeep\vendor\illuminate\database\Console\Migrations\MigrateCommand.php(71): Illuminate\Database\Migrations\Migrator->run(Array, Array)
#13 [internal function]: Illuminate\Database\Console\Migrations\MigrateCommand->handle()
#14 E:\wamp\www\upkeep\vendor\illuminate\container\BoundMethod.php(32): call_user_func_array(Array, Array)
#15 E:\wamp\www\upkeep\vendor\illuminate\container\Util.php(36): Illuminate\Container\BoundMethod::Illuminate\Container\{closure}()
#16 E:\wamp\www\upkeep\vendor\illuminate\container\BoundMethod.php(90): Illuminate\Container\Util::unwrapIfClosure(Object(Closure))
#17 E:\wamp\www\upkeep\vendor\illuminate\container\BoundMethod.php(34): Illuminate\Container\BoundMethod::callBoundMethod(Object(Laravel\Lumen\Application), Array, Object(Closure))
#18 E:\wamp\www\upkeep\vendor\illuminate\container\Container.php(590): Illuminate\Container\BoundMethod::call(Object(Laravel\Lumen\Application), Array, Array, NULL)
#19 E:\wamp\www\upkeep\vendor\illuminate\console\Command.php(202): Illuminate\Container\Container->call(Array)
#20 E:\wamp\www\upkeep\vendor\symfony\console\Command\Command.php(255): Illuminate\Console\Command->execute(Object(Symfony\Component\Console\Input\ArgvInput), Object(Illuminate\Console\OutputStyle))
#21 E:\wamp\www\upkeep\vendor\illuminate\console\Command.php(189): Symfony\Component\Console\Command\Command->run(Object(Symfony\Component\Console\Input\ArgvInput), Object(Illuminate\Console\OutputStyle))
#22 E:\wamp\www\upkeep\vendor\symfony\console\Application.php(1011): Illuminate\Console\Command->run(Object(Symfony\Component\Console\Input\ArgvInput), Object(Symfony\Component\Console\Output\ConsoleOutput))
#23 E:\wamp\www\upkeep\vendor\symfony\console\Application.php(272): Symfony\Component\Console\Application->doRunCommand(Object(Illuminate\Database\Console\Migrations\MigrateCommand), Object(Symfony\Component\Console\Input\ArgvInput), Object(Symfony\Component\Console\Output\ConsoleOutput))
#24 E:\wamp\www\upkeep\vendor\symfony\console\Application.php(148): Symfony\Component\Console\Application->doRun(Object(Symfony\Component\Console\Input\ArgvInput), Object(Symfony\Component\Console\Output\ConsoleOutput))
#25 E:\wamp\www\upkeep\vendor\illuminate\console\Application.php(93): Symfony\Component\Console\Application->run(Object(Symfony\Component\Console\Input\ArgvInput), Object(Symfony\Component\Console\Output\ConsoleOutput))
#26 E:\wamp\www\upkeep\vendor\laravel\lumen-framework\src\Console\Kernel.php(115): Illuminate\Console\Application->run(Object(Symfony\Component\Console\Input\ArgvInput), Object(Symfony\Component\Console\Output\ConsoleOutput))
#27 E:\wamp\www\upkeep\artisan(35): Laravel\Lumen\Console\Kernel->handle(Object(Symfony\Component\Console\Input\ArgvInput), Object(Symfony\Component\Console\Output\ConsoleOutput))
#28 {main} {"exception":"[object] (Illuminate\\Database\\QueryException(code: 42000): SQLSTATE[42000]: Syntax error or access violation: 1071 Specified key was too long; max key length is 1000 bytes (SQL: alter table `users` add unique `users_email_unique`(`email`)) at E:\\wamp\\www\\upkeep\\vendor\\illuminate\\database\\Connection.php:669)
[stacktrace]
#0 E:\\wamp\\www\\upkeep\\vendor\\illuminate\\database\\Connection.php(629): Illuminate\\Database\\Connection->runQueryCallback('alter table `us...', Array, Object(Closure))
#1 E:\\wamp\\www\\upkeep\\vendor\\illuminate\\database\\Connection.php(464): Illuminate\\Database\\Connection->run('alter table `us...', Array, Object(Closure))
#2 E:\\wamp\\www\\upkeep\\vendor\\illuminate\\database\\Schema\\Blueprint.php(97): Illuminate\\Database\\Connection->statement('alter table `us...')
#3 E:\\wamp\\www\\upkeep\\vendor\\illuminate\\database\\Schema\\Builder.php(290): Illuminate\\Database\\Schema\\Blueprint->build(Object(Illuminate\\Database\\MySqlConnection), Object(Illuminate\\Database\\Schema\\Grammars\\MySqlGrammar))
#4 E:\\wamp\\www\\upkeep\\vendor\\illuminate\\database\\Schema\\Builder.php(167): Illuminate\\Database\\Schema\\Builder->build(Object(Illuminate\\Database\\Schema\\Blueprint))
#5 E:\\wamp\\www\\upkeep\\vendor\\illuminate\\support\\Facades\\Facade.php(261): Illuminate\\Database\\Schema\\Builder->create('users', Object(Closure))
#6 E:\\wamp\\www\\upkeep\\database\\migrations\\2019_12_21_085015_create_users_table.php(28): Illuminate\\Support\\Facades\\Facade::__callStatic('create', Array)
#7 E:\\wamp\\www\\upkeep\\vendor\\illuminate\\database\\Migrations\\Migrator.php(387): CreateUsersTable->up()
#8 E:\\wamp\\www\\upkeep\\vendor\\illuminate\\database\\Migrations\\Migrator.php(396): Illuminate\\Database\\Migrations\\Migrator->Illuminate\\Database\\Migrations\\{closure}()
#9 E:\\wamp\\www\\upkeep\\vendor\\illuminate\\database\\Migrations\\Migrator.php(197): Illuminate\\Database\\Migrations\\Migrator->runMigration(Object(CreateUsersTable), 'up')
#10 E:\\wamp\\www\\upkeep\\vendor\\illuminate\\database\\Migrations\\Migrator.php(162): Illuminate\\Database\\Migrations\\Migrator->runUp('E:\\\\wamp\\\\www\\\\upk...', 1, false)
#11 E:\\wamp\\www\\upkeep\\vendor\\illuminate\\database\\Migrations\\Migrator.php(109): Illuminate\\Database\\Migrations\\Migrator->runPending(Array, Array)
#12 E:\\wamp\\www\\upkeep\\vendor\\illuminate\\database\\Console\\Migrations\\MigrateCommand.php(71): Illuminate\\Database\\Migrations\\Migrator->run(Array, Array)
#13 [internal function]: Illuminate\\Database\\Console\\Migrations\\MigrateCommand->handle()
#14 E:\\wamp\\www\\upkeep\\vendor\\illuminate\\container\\BoundMethod.php(32): call_user_func_array(Array, Array)
#15 E:\\wamp\\www\\upkeep\\vendor\\illuminate\\container\\Util.php(36): Illuminate\\Container\\BoundMethod::Illuminate\\Container\\{closure}()
#16 E:\\wamp\\www\\upkeep\\vendor\\illuminate\\container\\BoundMethod.php(90): Illuminate\\Container\\Util::unwrapIfClosure(Object(Closure))
#17 E:\\wamp\\www\\upkeep\\vendor\\illuminate\\container\\BoundMethod.php(34): Illuminate\\Container\\BoundMethod::callBoundMethod(Object(Laravel\\Lumen\\Application), Array, Object(Closure))
#18 E:\\wamp\\www\\upkeep\\vendor\\illuminate\\container\\Container.php(590): Illuminate\\Container\\BoundMethod::call(Object(Laravel\\Lumen\\Application), Array, Array, NULL)
#19 E:\\wamp\\www\\upkeep\\vendor\\illuminate\\console\\Command.php(202): Illuminate\\Container\\Container->call(Array)
#20 E:\\wamp\\www\\upkeep\\vendor\\symfony\\console\\Command\\Command.php(255): Illuminate\\Console\\Command->execute(Object(Symfony\\Component\\Console\\Input\\ArgvInput), Object(Illuminate\\Console\\OutputStyle))
#21 E:\\wamp\\www\\upkeep\\vendor\\illuminate\\console\\Command.php(189): Symfony\\Component\\Console\\Command\\Command->run(Object(Symfony\\Component\\Console\\Input\\ArgvInput), Object(Illuminate\\Console\\OutputStyle))
#22 E:\\wamp\\www\\upkeep\\vendor\\symfony\\console\\Application.php(1011): Illuminate\\Console\\Command->run(Object(Symfony\\Component\\Console\\Input\\ArgvInput), Object(Symfony\\Component\\Console\\Output\\ConsoleOutput))
#23 E:\\wamp\\www\\upkeep\\vendor\\symfony\\console\\Application.php(272): Symfony\\Component\\Console\\Application->doRunCommand(Object(Illuminate\\Database\\Console\\Migrations\\MigrateCommand), Object(Symfony\\Component\\Console\\Input\\ArgvInput), Object(Symfony\\Component\\Console\\Output\\ConsoleOutput))
#24 E:\\wamp\\www\\upkeep\\vendor\\symfony\\console\\Application.php(148): Symfony\\Component\\Console\\Application->doRun(Object(Symfony\\Component\\Console\\Input\\ArgvInput), Object(Symfony\\Component\\Console\\Output\\ConsoleOutput))
#25 E:\\wamp\\www\\upkeep\\vendor\\illuminate\\console\\Application.php(93): Symfony\\Component\\Console\\Application->run(Object(Symfony\\Component\\Console\\Input\\ArgvInput), Object(Symfony\\Component\\Console\\Output\\ConsoleOutput))
#26 E:\\wamp\\www\\upkeep\\vendor\\laravel\\lumen-framework\\src\\Console\\Kernel.php(115): Illuminate\\Console\\Application->run(Object(Symfony\\Component\\Console\\Input\\ArgvInput), Object(Symfony\\Component\\Console\\Output\\ConsoleOutput))
#27 E:\\wamp\\www\\upkeep\\artisan(35): Laravel\\Lumen\\Console\\Kernel->handle(Object(Symfony\\Component\\Console\\Input\\ArgvInput), Object(Symfony\\Component\\Console\\Output\\ConsoleOutput))
#28 {main}

[previous exception] [object] (PDOException(code: 42000): SQLSTATE[42000]: Syntax error or access violation: 1071 Specified key was too long; max key length is 1000 bytes at E:\\wamp\\www\\upkeep\\vendor\\illuminate\\database\\Connection.php:463)
[stacktrace]
#0 E:\\wamp\\www\\upkeep\\vendor\\illuminate\\database\\Connection.php(463): PDOStatement->execute()
#1 E:\\wamp\\www\\upkeep\\vendor\\illuminate\\database\\Connection.php(662): Illuminate\\Database\\Connection->Illuminate\\Database\\{closure}('alter table `us...', Array)
#2 E:\\wamp\\www\\upkeep\\vendor\\illuminate\\database\\Connection.php(629): Illuminate\\Database\\Connection->runQueryCallback('alter table `us...', Array, Object(Closure))
#3 E:\\wamp\\www\\upkeep\\vendor\\illuminate\\database\\Connection.php(464): Illuminate\\Database\\Connection->run('alter table `us...', Array, Object(Closure))
#4 E:\\wamp\\www\\upkeep\\vendor\\illuminate\\database\\Schema\\Blueprint.php(97): Illuminate\\Database\\Connection->statement('alter table `us...')
#5 E:\\wamp\\www\\upkeep\\vendor\\illuminate\\database\\Schema\\Builder.php(290): Illuminate\\Database\\Schema\\Blueprint->build(Object(Illuminate\\Database\\MySqlConnection), Object(Illuminate\\Database\\Schema\\Grammars\\MySqlGrammar))
#6 E:\\wamp\\www\\upkeep\\vendor\\illuminate\\database\\Schema\\Builder.php(167): Illuminate\\Database\\Schema\\Builder->build(Object(Illuminate\\Database\\Schema\\Blueprint))
#7 E:\\wamp\\www\\upkeep\\vendor\\illuminate\\support\\Facades\\Facade.php(261): Illuminate\\Database\\Schema\\Builder->create('users', Object(Closure))
#8 E:\\wamp\\www\\upkeep\\database\\migrations\\2019_12_21_085015_create_users_table.php(28): Illuminate\\Support\\Facades\\Facade::__callStatic('create', Array)
#9 E:\\wamp\\www\\upkeep\\vendor\\illuminate\\database\\Migrations\\Migrator.php(387): CreateUsersTable->up()
#10 E:\\wamp\\www\\upkeep\\vendor\\illuminate\\database\\Migrations\\Migrator.php(396): Illuminate\\Database\\Migrations\\Migrator->Illuminate\\Database\\Migrations\\{closure}()
#11 E:\\wamp\\www\\upkeep\\vendor\\illuminate\\database\\Migrations\\Migrator.php(197): Illuminate\\Database\\Migrations\\Migrator->runMigration(Object(CreateUsersTable), 'up')
#12 E:\\wamp\\www\\upkeep\\vendor\\illuminate\\database\\Migrations\\Migrator.php(162): Illuminate\\Database\\Migrations\\Migrator->runUp('E:\\\\wamp\\\\www\\\\upk...', 1, false)
#13 E:\\wamp\\www\\upkeep\\vendor\\illuminate\\database\\Migrations\\Migrator.php(109): Illuminate\\Database\\Migrations\\Migrator->runPending(Array, Array)
#14 E:\\wamp\\www\\upkeep\\vendor\\illuminate\\database\\Console\\Migrations\\MigrateCommand.php(71): Illuminate\\Database\\Migrations\\Migrator->run(Array, Array)
#15 [internal function]: Illuminate\\Database\\Console\\Migrations\\MigrateCommand->handle()
#16 E:\\wamp\\www\\upkeep\\vendor\\illuminate\\container\\BoundMethod.php(32): call_user_func_array(Array, Array)
#17 E:\\wamp\\www\\upkeep\\vendor\\illuminate\\container\\Util.php(36): Illuminate\\Container\\BoundMethod::Illuminate\\Container\\{closure}()
#18 E:\\wamp\\www\\upkeep\\vendor\\illuminate\\container\\BoundMethod.php(90): Illuminate\\Container\\Util::unwrapIfClosure(Object(Closure))
#19 E:\\wamp\\www\\upkeep\\vendor\\illuminate\\container\\BoundMethod.php(34): Illuminate\\Container\\BoundMethod::callBoundMethod(Object(Laravel\\Lumen\\Application), Array, Object(Closure))
#20 E:\\wamp\\www\\upkeep\\vendor\\illuminate\\container\\Container.php(590): Illuminate\\Container\\BoundMethod::call(Object(Laravel\\Lumen\\Application), Array, Array, NULL)
#21 E:\\wamp\\www\\upkeep\\vendor\\illuminate\\console\\Command.php(202): Illuminate\\Container\\Container->call(Array)
#22 E:\\wamp\\www\\upkeep\\vendor\\symfony\\console\\Command\\Command.php(255): Illuminate\\Console\\Command->execute(Object(Symfony\\Component\\Console\\Input\\ArgvInput), Object(Illuminate\\Console\\OutputStyle))
#23 E:\\wamp\\www\\upkeep\\vendor\\illuminate\\console\\Command.php(189): Symfony\\Component\\Console\\Command\\Command->run(Object(Symfony\\Component\\Console\\Input\\ArgvInput), Object(Illuminate\\Console\\OutputStyle))
#24 E:\\wamp\\www\\upkeep\\vendor\\symfony\\console\\Application.php(1011): Illuminate\\Console\\Command->run(Object(Symfony\\Component\\Console\\Input\\ArgvInput), Object(Symfony\\Component\\Console\\Output\\ConsoleOutput))
#25 E:\\wamp\\www\\upkeep\\vendor\\symfony\\console\\Application.php(272): Symfony\\Component\\Console\\Application->doRunCommand(Object(Illuminate\\Database\\Console\\Migrations\\MigrateCommand), Object(Symfony\\Component\\Console\\Input\\ArgvInput), Object(Symfony\\Component\\Console\\Output\\ConsoleOutput))
#26 E:\\wamp\\www\\upkeep\\vendor\\symfony\\console\\Application.php(148): Symfony\\Component\\Console\\Application->doRun(Object(Symfony\\Component\\Console\\Input\\ArgvInput), Object(Symfony\\Component\\Console\\Output\\ConsoleOutput))
#27 E:\\wamp\\www\\upkeep\\vendor\\illuminate\\console\\Application.php(93): Symfony\\Component\\Console\\Application->run(Object(Symfony\\Component\\Console\\Input\\ArgvInput), Object(Symfony\\Component\\Console\\Output\\ConsoleOutput))
#28 E:\\wamp\\www\\upkeep\\vendor\\laravel\\lumen-framework\\src\\Console\\Kernel.php(115): Illuminate\\Console\\Application->run(Object(Symfony\\Component\\Console\\Input\\ArgvInput), Object(Symfony\\Component\\Console\\Output\\ConsoleOutput))
#29 E:\\wamp\\www\\upkeep\\artisan(35): Laravel\\Lumen\\Console\\Kernel->handle(Object(Symfony\\Component\\Console\\Input\\ArgvInput), Object(Symfony\\Component\\Console\\Output\\ConsoleOutput))
#30 {main}
"} 
[2019-12-23 07:14:25] local.ERROR: BadMethodCallException: Method Illuminate\Validation\Validator::validateMin=6 does not exist. in E:\wamp\www\upkeep\vendor\illuminate\validation\Validator.php:1197
Stack trace:
#0 E:\wamp\www\upkeep\vendor\illuminate\validation\Validator.php(398): Illuminate\Validation\Validator->__call('validateMin=6', Array)
#1 E:\wamp\www\upkeep\vendor\illuminate\validation\Validator.php(277): Illuminate\Validation\Validator->validateAttribute('password', 'Min=6')
#2 E:\wamp\www\upkeep\vendor\illuminate\validation\Validator.php(302): Illuminate\Validation\Validator->passes()
#3 E:\wamp\www\upkeep\vendor\laravel\lumen-framework\src\Routing\ProvidesConvenienceMethods.php(66): Illuminate\Validation\Validator->fails()
#4 E:\wamp\www\upkeep\app\Http\Controllers\UserController.php(21): Laravel\Lumen\Routing\Controller->validate(Object(Laravel\Lumen\Http\Request), Array)
#5 [internal function]: App\Http\Controllers\UserController->register(Object(Laravel\Lumen\Http\Request))
#6 E:\wamp\www\upkeep\vendor\illuminate\container\BoundMethod.php(32): call_user_func_array(Array, Array)
#7 E:\wamp\www\upkeep\vendor\illuminate\container\Util.php(36): Illuminate\Container\BoundMethod::Illuminate\Container\{closure}()
#8 E:\wamp\www\upkeep\vendor\illuminate\container\BoundMethod.php(90): Illuminate\Container\Util::unwrapIfClosure(Object(Closure))
#9 E:\wamp\www\upkeep\vendor\illuminate\container\BoundMethod.php(34): Illuminate\Container\BoundMethod::callBoundMethod(Object(Laravel\Lumen\Application), Array, Object(Closure))
#10 E:\wamp\www\upkeep\vendor\illuminate\container\Container.php(590): Illuminate\Container\BoundMethod::call(Object(Laravel\Lumen\Application), Array, Array, NULL)
#11 E:\wamp\www\upkeep\vendor\laravel\lumen-framework\src\Concerns\RoutesRequests.php(376): Illuminate\Container\Container->call(Array, Array)
#12 E:\wamp\www\upkeep\vendor\laravel\lumen-framework\src\Concerns\RoutesRequests.php(342): Laravel\Lumen\Application->callControllerCallable(Array, Array)
#13 E:\wamp\www\upkeep\vendor\laravel\lumen-framework\src\Concerns\RoutesRequests.php(316): Laravel\Lumen\Application->callLumenController(Object(App\Http\Controllers\UserController), 'register', Array)
#14 E:\wamp\www\upkeep\vendor\laravel\lumen-framework\src\Concerns\RoutesRequests.php(278): Laravel\Lumen\Application->callControllerAction(Array)
#15 E:\wamp\www\upkeep\vendor\laravel\lumen-framework\src\Concerns\RoutesRequests.php(263): Laravel\Lumen\Application->callActionOnArrayBasedRoute(Array)
#16 E:\wamp\www\upkeep\vendor\laravel\lumen-framework\src\Concerns\RoutesRequests.php(165): Laravel\Lumen\Application->handleFoundRoute(Array)
#17 E:\wamp\www\upkeep\vendor\laravel\lumen-framework\src\Concerns\RoutesRequests.php(416): Laravel\Lumen\Application->Laravel\Lumen\Concerns\{closure}(Object(Laravel\Lumen\Http\Request))
#18 E:\wamp\www\upkeep\vendor\laravel\lumen-framework\src\Concerns\RoutesRequests.php(171): Laravel\Lumen\Application->sendThroughPipeline(Array, Object(Closure))
#19 E:\wamp\www\upkeep\vendor\laravel\lumen-framework\src\Concerns\RoutesRequests.php(108): Laravel\Lumen\Application->dispatch(NULL)
#20 E:\wamp\www\upkeep\index.php(28): Laravel\Lumen\Application->run()
#21 {main} {"exception":"[object] (BadMethodCallException(code: 0): Method Illuminate\\Validation\\Validator::validateMin=6 does not exist. at E:\\wamp\\www\\upkeep\\vendor\\illuminate\\validation\\Validator.php:1197)
[stacktrace]
#0 E:\\wamp\\www\\upkeep\\vendor\\illuminate\\validation\\Validator.php(398): Illuminate\\Validation\\Validator->__call('validateMin=6', Array)
#1 E:\\wamp\\www\\upkeep\\vendor\\illuminate\\validation\\Validator.php(277): Illuminate\\Validation\\Validator->validateAttribute('password', 'Min=6')
#2 E:\\wamp\\www\\upkeep\\vendor\\illuminate\\validation\\Validator.php(302): Illuminate\\Validation\\Validator->passes()
#3 E:\\wamp\\www\\upkeep\\vendor\\laravel\\lumen-framework\\src\\Routing\\ProvidesConvenienceMethods.php(66): Illuminate\\Validation\\Validator->fails()
#4 E:\\wamp\\www\\upkeep\\app\\Http\\Controllers\\UserController.php(21): Laravel\\Lumen\\Routing\\Controller->validate(Object(Laravel\\Lumen\\Http\\Request), Array)
#5 [internal function]: App\\Http\\Controllers\\UserController->register(Object(Laravel\\Lumen\\Http\\Request))
#6 E:\\wamp\\www\\upkeep\\vendor\\illuminate\\container\\BoundMethod.php(32): call_user_func_array(Array, Array)
#7 E:\\wamp\\www\\upkeep\\vendor\\illuminate\\container\\Util.php(36): Illuminate\\Container\\BoundMethod::Illuminate\\Container\\{closure}()
#8 E:\\wamp\\www\\upkeep\\vendor\\illuminate\\container\\BoundMethod.php(90): Illuminate\\Container\\Util::unwrapIfClosure(Object(Closure))
#9 E:\\wamp\\www\\upkeep\\vendor\\illuminate\\container\\BoundMethod.php(34): Illuminate\\Container\\BoundMethod::callBoundMethod(Object(Laravel\\Lumen\\Application), Array, Object(Closure))
#10 E:\\wamp\\www\\upkeep\\vendor\\illuminate\\container\\Container.php(590): Illuminate\\Container\\BoundMethod::call(Object(Laravel\\Lumen\\Application), Array, Array, NULL)
#11 E:\\wamp\\www\\upkeep\\vendor\\laravel\\lumen-framework\\src\\Concerns\\RoutesRequests.php(376): Illuminate\\Container\\Container->call(Array, Array)
#12 E:\\wamp\\www\\upkeep\\vendor\\laravel\\lumen-framework\\src\\Concerns\\RoutesRequests.php(342): Laravel\\Lumen\\Application->callControllerCallable(Array, Array)
#13 E:\\wamp\\www\\upkeep\\vendor\\laravel\\lumen-framework\\src\\Concerns\\RoutesRequests.php(316): Laravel\\Lumen\\Application->callLumenController(Object(App\\Http\\Controllers\\UserController), 'register', Array)
#14 E:\\wamp\\www\\upkeep\\vendor\\laravel\\lumen-framework\\src\\Concerns\\RoutesRequests.php(278): Laravel\\Lumen\\Application->callControllerAction(Array)
#15 E:\\wamp\\www\\upkeep\\vendor\\laravel\\lumen-framework\\src\\Concerns\\RoutesRequests.php(263): Laravel\\Lumen\\Application->callActionOnArrayBasedRoute(Array)
#16 E:\\wamp\\www\\upkeep\\vendor\\laravel\\lumen-framework\\src\\Concerns\\RoutesRequests.php(165): Laravel\\Lumen\\Application->handleFoundRoute(Array)
#17 E:\\wamp\\www\\upkeep\\vendor\\laravel\\lumen-framework\\src\\Concerns\\RoutesRequests.php(416): Laravel\\Lumen\\Application->Laravel\\Lumen\\Concerns\\{closure}(Object(Laravel\\Lumen\\Http\\Request))
#18 E:\\wamp\\www\\upkeep\\vendor\\laravel\\lumen-framework\\src\\Concerns\\RoutesRequests.php(171): Laravel\\Lumen\\Application->sendThroughPipeline(Array, Object(Closure))
#19 E:\\wamp\\www\\upkeep\\vendor\\laravel\\lumen-framework\\src\\Concerns\\RoutesRequests.php(108): Laravel\\Lumen\\Application->dispatch(NULL)
#20 E:\\wamp\\www\\upkeep\\index.php(28): Laravel\\Lumen\\Application->run()
#21 {main}
"} 
[2019-12-23 07:28:06] local.ERROR: ErrorException: Undefined variable: app in E:\wamp\www\upkeep\routes\web.php:18
Stack trace:
#0 E:\wamp\www\upkeep\routes\web.php(18): Laravel\Lumen\Application->Laravel\Lumen\Concerns\{closure}(8, 'Undefined varia...', 'E:\\wamp\\www\\upk...', 18, Array)
#1 E:\wamp\www\upkeep\bootstrap\app.php(97): require('E:\\wamp\\www\\upk...')
#2 [internal function]: {closure}(Object(Laravel\Lumen\Routing\Router))
#3 E:\wamp\www\upkeep\vendor\laravel\lumen-framework\src\Routing\Router.php(62): call_user_func(Object(Closure), Object(Laravel\Lumen\Routing\Router))
#4 E:\wamp\www\upkeep\bootstrap\app.php(98): Laravel\Lumen\Routing\Router->group(Array, Object(Closure))
#5 E:\wamp\www\upkeep\index.php(14): require('E:\\wamp\\www\\upk...')
#6 {main} {"exception":"[object] (ErrorException(code: 0): Undefined variable: app at E:\\wamp\\www\\upkeep\outes\\web.php:18)
[stacktrace]
#0 E:\\wamp\\www\\upkeep\outes\\web.php(18): Laravel\\Lumen\\Application->Laravel\\Lumen\\Concerns\\{closure}(8, 'Undefined varia...', 'E:\\\\wamp\\\\www\\\\upk...', 18, Array)
#1 E:\\wamp\\www\\upkeep\\bootstrap\\app.php(97): require('E:\\\\wamp\\\\www\\\\upk...')
#2 [internal function]: {closure}(Object(Laravel\\Lumen\\Routing\\Router))
#3 E:\\wamp\\www\\upkeep\\vendor\\laravel\\lumen-framework\\src\\Routing\\Router.php(62): call_user_func(Object(Closure), Object(Laravel\\Lumen\\Routing\\Router))
#4 E:\\wamp\\www\\upkeep\\bootstrap\\app.php(98): Laravel\\Lumen\\Routing\\Router->group(Array, Object(Closure))
#5 E:\\wamp\\www\\upkeep\\index.php(14): require('E:\\\\wamp\\\\www\\\\upk...')
#6 {main}
"} 
[2019-12-23 07:30:50] local.ERROR: ErrorException: Undefined variable: api_token in E:\wamp\www\upkeep\app\Http\Controllers\LoginController.php:28
Stack trace:
#0 E:\wamp\www\upkeep\app\Http\Controllers\LoginController.php(28): Laravel\Lumen\Application->Laravel\Lumen\Concerns\{closure}(8, 'Undefined varia...', 'E:\\wamp\\www\\upk...', 28, Array)
#1 [internal function]: App\Http\Controllers\LoginController->login(Object(Laravel\Lumen\Http\Request))
#2 E:\wamp\www\upkeep\vendor\illuminate\container\BoundMethod.php(32): call_user_func_array(Array, Array)
#3 E:\wamp\www\upkeep\vendor\illuminate\container\Util.php(36): Illuminate\Container\BoundMethod::Illuminate\Container\{closure}()
#4 E:\wamp\www\upkeep\vendor\illuminate\container\BoundMethod.php(90): Illuminate\Container\Util::unwrapIfClosure(Object(Closure))
#5 E:\wamp\www\upkeep\vendor\illuminate\container\BoundMethod.php(34): Illuminate\Container\BoundMethod::callBoundMethod(Object(Laravel\Lumen\Application), Array, Object(Closure))
#6 E:\wamp\www\upkeep\vendor\illuminate\container\Container.php(590): Illuminate\Container\BoundMethod::call(Object(Laravel\Lumen\Application), Array, Array, NULL)
#7 E:\wamp\www\upkeep\vendor\laravel\lumen-framework\src\Concerns\RoutesRequests.php(376): Illuminate\Container\Container->call(Array, Array)
#8 E:\wamp\www\upkeep\vendor\laravel\lumen-framework\src\Concerns\RoutesRequests.php(342): Laravel\Lumen\Application->callControllerCallable(Array, Array)
#9 E:\wamp\www\upkeep\vendor\laravel\lumen-framework\src\Concerns\RoutesRequests.php(316): Laravel\Lumen\Application->callLumenController(Object(App\Http\Controllers\LoginController), 'login', Array)
#10 E:\wamp\www\upkeep\vendor\laravel\lumen-framework\src\Concerns\RoutesRequests.php(278): Laravel\Lumen\Application->callControllerAction(Array)
#11 E:\wamp\www\upkeep\vendor\laravel\lumen-framework\src\Concerns\RoutesRequests.php(263): Laravel\Lumen\Application->callActionOnArrayBasedRoute(Array)
#12 E:\wamp\www\upkeep\vendor\laravel\lumen-framework\src\Concerns\RoutesRequests.php(165): Laravel\Lumen\Application->handleFoundRoute(Array)
#13 E:\wamp\www\upkeep\vendor\laravel\lumen-framework\src\Concerns\RoutesRequests.php(416): Laravel\Lumen\Application->Laravel\Lumen\Concerns\{closure}(Object(Laravel\Lumen\Http\Request))
#14 E:\wamp\www\upkeep\vendor\laravel\lumen-framework\src\Concerns\RoutesRequests.php(171): Laravel\Lumen\Application->sendThroughPipeline(Array, Object(Closure))
#15 E:\wamp\www\upkeep\vendor\laravel\lumen-framework\src\Concerns\RoutesRequests.php(108): Laravel\Lumen\Application->dispatch(NULL)
#16 E:\wamp\www\upkeep\index.php(28): Laravel\Lumen\Application->run()
#17 {main} {"exception":"[object] (ErrorException(code: 0): Undefined variable: api_token at E:\\wamp\\www\\upkeep\\app\\Http\\Controllers\\LoginController.php:28)
[stacktrace]
#0 E:\\wamp\\www\\upkeep\\app\\Http\\Controllers\\LoginController.php(28): Laravel\\Lumen\\Application->Laravel\\Lumen\\Concerns\\{closure}(8, 'Undefined varia...', 'E:\\\\wamp\\\\www\\\\upk...', 28, Array)
#1 [internal function]: App\\Http\\Controllers\\LoginController->login(Object(Laravel\\Lumen\\Http\\Request))
#2 E:\\wamp\\www\\upkeep\\vendor\\illuminate\\container\\BoundMethod.php(32): call_user_func_array(Array, Array)
#3 E:\\wamp\\www\\upkeep\\vendor\\illuminate\\container\\Util.php(36): Illuminate\\Container\\BoundMethod::Illuminate\\Container\\{closure}()
#4 E:\\wamp\\www\\upkeep\\vendor\\illuminate\\container\\BoundMethod.php(90): Illuminate\\Container\\Util::unwrapIfClosure(Object(Closure))
#5 E:\\wamp\\www\\upkeep\\vendor\\illuminate\\container\\BoundMethod.php(34): Illuminate\\Container\\BoundMethod::callBoundMethod(Object(Laravel\\Lumen\\Application), Array, Object(Closure))
#6 E:\\wamp\\www\\upkeep\\vendor\\illuminate\\container\\Container.php(590): Illuminate\\Container\\BoundMethod::call(Object(Laravel\\Lumen\\Application), Array, Array, NULL)
#7 E:\\wamp\\www\\upkeep\\vendor\\laravel\\lumen-framework\\src\\Concerns\\RoutesRequests.php(376): Illuminate\\Container\\Container->call(Array, Array)
#8 E:\\wamp\\www\\upkeep\\vendor\\laravel\\lumen-framework\\src\\Concerns\\RoutesRequests.php(342): Laravel\\Lumen\\Application->callControllerCallable(Array, Array)
#9 E:\\wamp\\www\\upkeep\\vendor\\laravel\\lumen-framework\\src\\Concerns\\RoutesRequests.php(316): Laravel\\Lumen\\Application->callLumenController(Object(App\\Http\\Controllers\\LoginController), 'login', Array)
#10 E:\\wamp\\www\\upkeep\\vendor\\laravel\\lumen-framework\\src\\Concerns\\RoutesRequests.php(278): Laravel\\Lumen\\Application->callControllerAction(Array)
#11 E:\\wamp\\www\\upkeep\\vendor\\laravel\\lumen-framework\\src\\Concerns\\RoutesRequests.php(263): Laravel\\Lumen\\Application->callActionOnArrayBasedRoute(Array)
#12 E:\\wamp\\www\\upkeep\\vendor\\laravel\\lumen-framework\\src\\Concerns\\RoutesRequests.php(165): Laravel\\Lumen\\Application->handleFoundRoute(Array)
#13 E:\\wamp\\www\\upkeep\\vendor\\laravel\\lumen-framework\\src\\Concerns\\RoutesRequests.php(416): Laravel\\Lumen\\Application->Laravel\\Lumen\\Concerns\\{closure}(Object(Laravel\\Lumen\\Http\\Request))
#14 E:\\wamp\\www\\upkeep\\vendor\\laravel\\lumen-framework\\src\\Concerns\\RoutesRequests.php(171): Laravel\\Lumen\\Application->sendThroughPipeline(Array, Object(Closure))
#15 E:\\wamp\\www\\upkeep\\vendor\\laravel\\lumen-framework\\src\\Concerns\\RoutesRequests.php(108): Laravel\\Lumen\\Application->dispatch(NULL)
#16 E:\\wamp\\www\\upkeep\\index.php(28): Laravel\\Lumen\\Application->run()
#17 {main}
"} 
[2019-12-23 07:41:56] local.ERROR: Symfony\Component\Debug\Exception\FatalThrowableError: Function name must be a string in E:\wamp\www\upkeep\vendor\illuminate\pipeline\Pipeline.php:172
Stack trace:
#0 [internal function]: Illuminate\Pipeline\Pipeline->Illuminate\Pipeline\{closure}(Object(Laravel\Lumen\Http\Request))
#1 E:\wamp\www\upkeep\vendor\laravel\lumen-framework\src\Routing\Pipeline.php(32): call_user_func(Object(Closure), Object(Laravel\Lumen\Http\Request))
#2 E:\wamp\www\upkeep\vendor\illuminate\pipeline\Pipeline.php(105): Laravel\Lumen\Routing\Pipeline->Laravel\Lumen\Routing\{closure}(Object(Laravel\Lumen\Http\Request))
#3 E:\wamp\www\upkeep\vendor\laravel\lumen-framework\src\Concerns\RoutesRequests.php(413): Illuminate\Pipeline\Pipeline->then(Object(Closure))
#4 E:\wamp\www\upkeep\vendor\laravel\lumen-framework\src\Concerns\RoutesRequests.php(259): Laravel\Lumen\Application->sendThroughPipeline(Array, Object(Closure))
#5 E:\wamp\www\upkeep\vendor\laravel\lumen-framework\src\Concerns\RoutesRequests.php(165): Laravel\Lumen\Application->handleFoundRoute(Array)
#6 E:\wamp\www\upkeep\vendor\laravel\lumen-framework\src\Concerns\RoutesRequests.php(416): Laravel\Lumen\Application->Laravel\Lumen\Concerns\{closure}(Object(Laravel\Lumen\Http\Request))
#7 E:\wamp\www\upkeep\vendor\laravel\lumen-framework\src\Concerns\RoutesRequests.php(171): Laravel\Lumen\Application->sendThroughPipeline(Array, Object(Closure))
#8 E:\wamp\www\upkeep\vendor\laravel\lumen-framework\src\Concerns\RoutesRequests.php(108): Laravel\Lumen\Application->dispatch(NULL)
#9 E:\wamp\www\upkeep\index.php(28): Laravel\Lumen\Application->run()
#10 {main} {"exception":"[object] (Symfony\\Component\\Debug\\Exception\\FatalThrowableError(code: 0): Function name must be a string at E:\\wamp\\www\\upkeep\\vendor\\illuminate\\pipeline\\Pipeline.php:172)
[stacktrace]
#0 [internal function]: Illuminate\\Pipeline\\Pipeline->Illuminate\\Pipeline\\{closure}(Object(Laravel\\Lumen\\Http\\Request))
#1 E:\\wamp\\www\\upkeep\\vendor\\laravel\\lumen-framework\\src\\Routing\\Pipeline.php(32): call_user_func(Object(Closure), Object(Laravel\\Lumen\\Http\\Request))
#2 E:\\wamp\\www\\upkeep\\vendor\\illuminate\\pipeline\\Pipeline.php(105): Laravel\\Lumen\\Routing\\Pipeline->Laravel\\Lumen\\Routing\\{closure}(Object(Laravel\\Lumen\\Http\\Request))
#3 E:\\wamp\\www\\upkeep\\vendor\\laravel\\lumen-framework\\src\\Concerns\\RoutesRequests.php(413): Illuminate\\Pipeline\\Pipeline->then(Object(Closure))
#4 E:\\wamp\\www\\upkeep\\vendor\\laravel\\lumen-framework\\src\\Concerns\\RoutesRequests.php(259): Laravel\\Lumen\\Application->sendThroughPipeline(Array, Object(Closure))
#5 E:\\wamp\\www\\upkeep\\vendor\\laravel\\lumen-framework\\src\\Concerns\\RoutesRequests.php(165): Laravel\\Lumen\\Application->handleFoundRoute(Array)
#6 E:\\wamp\\www\\upkeep\\vendor\\laravel\\lumen-framework\\src\\Concerns\\RoutesRequests.php(416): Laravel\\Lumen\\Application->Laravel\\Lumen\\Concerns\\{closure}(Object(Laravel\\Lumen\\Http\\Request))
#7 E:\\wamp\\www\\upkeep\\vendor\\laravel\\lumen-framework\\src\\Concerns\\RoutesRequests.php(171): Laravel\\Lumen\\Application->sendThroughPipeline(Array, Object(Closure))
#8 E:\\wamp\\www\\upkeep\\vendor\\laravel\\lumen-framework\\src\\Concerns\\RoutesRequests.php(108): Laravel\\Lumen\\Application->dispatch(NULL)
#9 E:\\wamp\\www\\upkeep\\index.php(28): Laravel\\Lumen\\Application->run()
#10 {main}
"} 
[2019-12-23 07:43:02] local.ERROR: Symfony\Component\Debug\Exception\FatalThrowableError: Function name must be a string in E:\wamp\www\upkeep\vendor\illuminate\pipeline\Pipeline.php:172
Stack trace:
#0 [internal function]: Illuminate\Pipeline\Pipeline->Illuminate\Pipeline\{closure}(Object(Laravel\Lumen\Http\Request))
#1 E:\wamp\www\upkeep\vendor\laravel\lumen-framework\src\Routing\Pipeline.php(32): call_user_func(Object(Closure), Object(Laravel\Lumen\Http\Request))
#2 E:\wamp\www\upkeep\vendor\illuminate\pipeline\Pipeline.php(105): Laravel\Lumen\Routing\Pipeline->Laravel\Lumen\Routing\{closure}(Object(Laravel\Lumen\Http\Request))
#3 E:\wamp\www\upkeep\vendor\laravel\lumen-framework\src\Concerns\RoutesRequests.php(413): Illuminate\Pipeline\Pipeline->then(Object(Closure))
#4 E:\wamp\www\upkeep\vendor\laravel\lumen-framework\src\Concerns\RoutesRequests.php(259): Laravel\Lumen\Application->sendThroughPipeline(Array, Object(Closure))
#5 E:\wamp\www\upkeep\vendor\laravel\lumen-framework\src\Concerns\RoutesRequests.php(165): Laravel\Lumen\Application->handleFoundRoute(Array)
#6 E:\wamp\www\upkeep\vendor\laravel\lumen-framework\src\Concerns\RoutesRequests.php(416): Laravel\Lumen\Application->Laravel\Lumen\Concerns\{closure}(Object(Laravel\Lumen\Http\Request))
#7 E:\wamp\www\upkeep\vendor\laravel\lumen-framework\src\Concerns\RoutesRequests.php(171): Laravel\Lumen\Application->sendThroughPipeline(Array, Object(Closure))
#8 E:\wamp\www\upkeep\vendor\laravel\lumen-framework\src\Concerns\RoutesRequests.php(108): Laravel\Lumen\Application->dispatch(NULL)
#9 E:\wamp\www\upkeep\index.php(28): Laravel\Lumen\Application->run()
#10 {main} {"exception":"[object] (Symfony\\Component\\Debug\\Exception\\FatalThrowableError(code: 0): Function name must be a string at E:\\wamp\\www\\upkeep\\vendor\\illuminate\\pipeline\\Pipeline.php:172)
[stacktrace]
#0 [internal function]: Illuminate\\Pipeline\\Pipeline->Illuminate\\Pipeline\\{closure}(Object(Laravel\\Lumen\\Http\\Request))
#1 E:\\wamp\\www\\upkeep\\vendor\\laravel\\lumen-framework\\src\\Routing\\Pipeline.php(32): call_user_func(Object(Closure), Object(Laravel\\Lumen\\Http\\Request))
#2 E:\\wamp\\www\\upkeep\\vendor\\illuminate\\pipeline\\Pipeline.php(105): Laravel\\Lumen\\Routing\\Pipeline->Laravel\\Lumen\\Routing\\{closure}(Object(Laravel\\Lumen\\Http\\Request))
#3 E:\\wamp\\www\\upkeep\\vendor\\laravel\\lumen-framework\\src\\Concerns\\RoutesRequests.php(413): Illuminate\\Pipeline\\Pipeline->then(Object(Closure))
#4 E:\\wamp\\www\\upkeep\\vendor\\laravel\\lumen-framework\\src\\Concerns\\RoutesRequests.php(259): Laravel\\Lumen\\Application->sendThroughPipeline(Array, Object(Closure))
#5 E:\\wamp\\www\\upkeep\\vendor\\laravel\\lumen-framework\\src\\Concerns\\RoutesRequests.php(165): Laravel\\Lumen\\Application->handleFoundRoute(Array)
#6 E:\\wamp\\www\\upkeep\\vendor\\laravel\\lumen-framework\\src\\Concerns\\RoutesRequests.php(416): Laravel\\Lumen\\Application->Laravel\\Lumen\\Concerns\\{closure}(Object(Laravel\\Lumen\\Http\\Request))
#7 E:\\wamp\\www\\upkeep\\vendor\\laravel\\lumen-framework\\src\\Concerns\\RoutesRequests.php(171): Laravel\\Lumen\\Application->sendThroughPipeline(Array, Object(Closure))
#8 E:\\wamp\\www\\upkeep\\vendor\\laravel\\lumen-framework\\src\\Concerns\\RoutesRequests.php(108): Laravel\\Lumen\\Application->dispatch(NULL)
#9 E:\\wamp\\www\\upkeep\\index.php(28): Laravel\\Lumen\\Application->run()
#10 {main}
"} 
[2019-12-23 07:47:54] local.ERROR: Symfony\Component\Debug\Exception\FatalThrowableError: Function name must be a string in E:\wamp\www\upkeep\vendor\illuminate\pipeline\Pipeline.php:172
Stack trace:
#0 [internal function]: Illuminate\Pipeline\Pipeline->Illuminate\Pipeline\{closure}(Object(Laravel\Lumen\Http\Request))
#1 E:\wamp\www\upkeep\vendor\laravel\lumen-framework\src\Routing\Pipeline.php(32): call_user_func(Object(Closure), Object(Laravel\Lumen\Http\Request))
#2 E:\wamp\www\upkeep\vendor\illuminate\pipeline\Pipeline.php(105): Laravel\Lumen\Routing\Pipeline->Laravel\Lumen\Routing\{closure}(Object(Laravel\Lumen\Http\Request))
#3 E:\wamp\www\upkeep\vendor\laravel\lumen-framework\src\Concerns\RoutesRequests.php(413): Illuminate\Pipeline\Pipeline->then(Object(Closure))
#4 E:\wamp\www\upkeep\vendor\laravel\lumen-framework\src\Concerns\RoutesRequests.php(259): Laravel\Lumen\Application->sendThroughPipeline(Array, Object(Closure))
#5 E:\wamp\www\upkeep\vendor\laravel\lumen-framework\src\Concerns\RoutesRequests.php(165): Laravel\Lumen\Application->handleFoundRoute(Array)
#6 E:\wamp\www\upkeep\vendor\laravel\lumen-framework\src\Concerns\RoutesRequests.php(416): Laravel\Lumen\Application->Laravel\Lumen\Concerns\{closure}(Object(Laravel\Lumen\Http\Request))
#7 E:\wamp\www\upkeep\vendor\laravel\lumen-framework\src\Concerns\RoutesRequests.php(171): Laravel\Lumen\Application->sendThroughPipeline(Array, Object(Closure))
#8 E:\wamp\www\upkeep\vendor\laravel\lumen-framework\src\Concerns\RoutesRequests.php(108): Laravel\Lumen\Application->dispatch(NULL)
#9 E:\wamp\www\upkeep\index.php(28): Laravel\Lumen\Application->run()
#10 {main} {"exception":"[object] (Symfony\\Component\\Debug\\Exception\\FatalThrowableError(code: 0): Function name must be a string at E:\\wamp\\www\\upkeep\\vendor\\illuminate\\pipeline\\Pipeline.php:172)
[stacktrace]
#0 [internal function]: Illuminate\\Pipeline\\Pipeline->Illuminate\\Pipeline\\{closure}(Object(Laravel\\Lumen\\Http\\Request))
#1 E:\\wamp\\www\\upkeep\\vendor\\laravel\\lumen-framework\\src\\Routing\\Pipeline.php(32): call_user_func(Object(Closure), Object(Laravel\\Lumen\\Http\\Request))
#2 E:\\wamp\\www\\upkeep\\vendor\\illuminate\\pipeline\\Pipeline.php(105): Laravel\\Lumen\\Routing\\Pipeline->Laravel\\Lumen\\Routing\\{closure}(Object(Laravel\\Lumen\\Http\\Request))
#3 E:\\wamp\\www\\upkeep\\vendor\\laravel\\lumen-framework\\src\\Concerns\\RoutesRequests.php(413): Illuminate\\Pipeline\\Pipeline->then(Object(Closure))
#4 E:\\wamp\\www\\upkeep\\vendor\\laravel\\lumen-framework\\src\\Concerns\\RoutesRequests.php(259): Laravel\\Lumen\\Application->sendThroughPipeline(Array, Object(Closure))
#5 E:\\wamp\\www\\upkeep\\vendor\\laravel\\lumen-framework\\src\\Concerns\\RoutesRequests.php(165): Laravel\\Lumen\\Application->handleFoundRoute(Array)
#6 E:\\wamp\\www\\upkeep\\vendor\\laravel\\lumen-framework\\src\\Concerns\\RoutesRequests.php(416): Laravel\\Lumen\\Application->Laravel\\Lumen\\Concerns\\{closure}(Object(Laravel\\Lumen\\Http\\Request))
#7 E:\\wamp\\www\\upkeep\\vendor\\laravel\\lumen-framework\\src\\Concerns\\RoutesRequests.php(171): Laravel\\Lumen\\Application->sendThroughPipeline(Array, Object(Closure))
#8 E:\\wamp\\www\\upkeep\\vendor\\laravel\\lumen-framework\\src\\Concerns\\RoutesRequests.php(108): Laravel\\Lumen\\Application->dispatch(NULL)
#9 E:\\wamp\\www\\upkeep\\index.php(28): Laravel\\Lumen\\Application->run()
#10 {main}
"} 
[2019-12-23 07:48:17] local.ERROR: Symfony\Component\Debug\Exception\FatalThrowableError: Function name must be a string in E:\wamp\www\upkeep\vendor\illuminate\pipeline\Pipeline.php:172
Stack trace:
#0 [internal function]: Illuminate\Pipeline\Pipeline->Illuminate\Pipeline\{closure}(Object(Laravel\Lumen\Http\Request))
#1 E:\wamp\www\upkeep\vendor\laravel\lumen-framework\src\Routing\Pipeline.php(32): call_user_func(Object(Closure), Object(Laravel\Lumen\Http\Request))
#2 E:\wamp\www\upkeep\vendor\illuminate\pipeline\Pipeline.php(105): Laravel\Lumen\Routing\Pipeline->Laravel\Lumen\Routing\{closure}(Object(Laravel\Lumen\Http\Request))
#3 E:\wamp\www\upkeep\vendor\laravel\lumen-framework\src\Concerns\RoutesRequests.php(413): Illuminate\Pipeline\Pipeline->then(Object(Closure))
#4 E:\wamp\www\upkeep\vendor\laravel\lumen-framework\src\Concerns\RoutesRequests.php(259): Laravel\Lumen\Application->sendThroughPipeline(Array, Object(Closure))
#5 E:\wamp\www\upkeep\vendor\laravel\lumen-framework\src\Concerns\RoutesRequests.php(165): Laravel\Lumen\Application->handleFoundRoute(Array)
#6 E:\wamp\www\upkeep\vendor\laravel\lumen-framework\src\Concerns\RoutesRequests.php(416): Laravel\Lumen\Application->Laravel\Lumen\Concerns\{closure}(Object(Laravel\Lumen\Http\Request))
#7 E:\wamp\www\upkeep\vendor\laravel\lumen-framework\src\Concerns\RoutesRequests.php(171): Laravel\Lumen\Application->sendThroughPipeline(Array, Object(Closure))
#8 E:\wamp\www\upkeep\vendor\laravel\lumen-framework\src\Concerns\RoutesRequests.php(108): Laravel\Lumen\Application->dispatch(NULL)
#9 E:\wamp\www\upkeep\index.php(28): Laravel\Lumen\Application->run()
#10 {main} {"exception":"[object] (Symfony\\Component\\Debug\\Exception\\FatalThrowableError(code: 0): Function name must be a string at E:\\wamp\\www\\upkeep\\vendor\\illuminate\\pipeline\\Pipeline.php:172)
[stacktrace]
#0 [internal function]: Illuminate\\Pipeline\\Pipeline->Illuminate\\Pipeline\\{closure}(Object(Laravel\\Lumen\\Http\\Request))
#1 E:\\wamp\\www\\upkeep\\vendor\\laravel\\lumen-framework\\src\\Routing\\Pipeline.php(32): call_user_func(Object(Closure), Object(Laravel\\Lumen\\Http\\Request))
#2 E:\\wamp\\www\\upkeep\\vendor\\illuminate\\pipeline\\Pipeline.php(105): Laravel\\Lumen\\Routing\\Pipeline->Laravel\\Lumen\\Routing\\{closure}(Object(Laravel\\Lumen\\Http\\Request))
#3 E:\\wamp\\www\\upkeep\\vendor\\laravel\\lumen-framework\\src\\Concerns\\RoutesRequests.php(413): Illuminate\\Pipeline\\Pipeline->then(Object(Closure))
#4 E:\\wamp\\www\\upkeep\\vendor\\laravel\\lumen-framework\\src\\Concerns\\RoutesRequests.php(259): Laravel\\Lumen\\Application->sendThroughPipeline(Array, Object(Closure))
#5 E:\\wamp\\www\\upkeep\\vendor\\laravel\\lumen-framework\\src\\Concerns\\RoutesRequests.php(165): Laravel\\Lumen\\Application->handleFoundRoute(Array)
#6 E:\\wamp\\www\\upkeep\\vendor\\laravel\\lumen-framework\\src\\Concerns\\RoutesRequests.php(416): Laravel\\Lumen\\Application->Laravel\\Lumen\\Concerns\\{closure}(Object(Laravel\\Lumen\\Http\\Request))
#7 E:\\wamp\\www\\upkeep\\vendor\\laravel\\lumen-framework\\src\\Concerns\\RoutesRequests.php(171): Laravel\\Lumen\\Application->sendThroughPipeline(Array, Object(Closure))
#8 E:\\wamp\\www\\upkeep\\vendor\\laravel\\lumen-framework\\src\\Concerns\\RoutesRequests.php(108): Laravel\\Lumen\\Application->dispatch(NULL)
#9 E:\\wamp\\www\\upkeep\\index.php(28): Laravel\\Lumen\\Application->run()
#10 {main}
"} 
[2019-12-23 08:36:35] local.ERROR: InvalidArgumentException: Auth driver [api] for guard [api] is not defined. in E:\wamp\www\upkeep\vendor\illuminate\auth\AuthManager.php:97
Stack trace:
#0 E:\wamp\www\upkeep\vendor\illuminate\auth\AuthManager.php(68): Illuminate\Auth\AuthManager->resolve('api')
#1 E:\wamp\www\upkeep\app\Http\Middleware\Authenticate.php(18): Illuminate\Auth\AuthManager->guard('api')
#2 E:\wamp\www\upkeep\vendor\illuminate\pipeline\Pipeline.php(171): App\Http\Middleware\Authenticate->handle(Object(Laravel\Lumen\Http\Request), Object(Closure))
#3 [internal function]: Illuminate\Pipeline\Pipeline->Illuminate\Pipeline\{closure}(Object(Laravel\Lumen\Http\Request))
#4 E:\wamp\www\upkeep\vendor\laravel\lumen-framework\src\Routing\Pipeline.php(32): call_user_func(Object(Closure), Object(Laravel\Lumen\Http\Request))
#5 E:\wamp\www\upkeep\vendor\illuminate\pipeline\Pipeline.php(105): Laravel\Lumen\Routing\Pipeline->Laravel\Lumen\Routing\{closure}(Object(Laravel\Lumen\Http\Request))
#6 E:\wamp\www\upkeep\vendor\laravel\lumen-framework\src\Concerns\RoutesRequests.php(413): Illuminate\Pipeline\Pipeline->then(Object(Closure))
#7 E:\wamp\www\upkeep\vendor\laravel\lumen-framework\src\Concerns\RoutesRequests.php(259): Laravel\Lumen\Application->sendThroughPipeline(Array, Object(Closure))
#8 E:\wamp\www\upkeep\vendor\laravel\lumen-framework\src\Concerns\RoutesRequests.php(165): Laravel\Lumen\Application->handleFoundRoute(Array)
#9 E:\wamp\www\upkeep\vendor\laravel\lumen-framework\src\Concerns\RoutesRequests.php(416): Laravel\Lumen\Application->Laravel\Lumen\Concerns\{closure}(Object(Laravel\Lumen\Http\Request))
#10 E:\wamp\www\upkeep\vendor\laravel\lumen-framework\src\Concerns\RoutesRequests.php(171): Laravel\Lumen\Application->sendThroughPipeline(Array, Object(Closure))
#11 E:\wamp\www\upkeep\vendor\laravel\lumen-framework\src\Concerns\RoutesRequests.php(108): Laravel\Lumen\Application->dispatch(NULL)
#12 E:\wamp\www\upkeep\index.php(28): Laravel\Lumen\Application->run()
#13 {main} {"exception":"[object] (InvalidArgumentException(code: 0): Auth driver [api] for guard [api] is not defined. at E:\\wamp\\www\\upkeep\\vendor\\illuminate\\auth\\AuthManager.php:97)
[stacktrace]
#0 E:\\wamp\\www\\upkeep\\vendor\\illuminate\\auth\\AuthManager.php(68): Illuminate\\Auth\\AuthManager->resolve('api')
#1 E:\\wamp\\www\\upkeep\\app\\Http\\Middleware\\Authenticate.php(18): Illuminate\\Auth\\AuthManager->guard('api')
#2 E:\\wamp\\www\\upkeep\\vendor\\illuminate\\pipeline\\Pipeline.php(171): App\\Http\\Middleware\\Authenticate->handle(Object(Laravel\\Lumen\\Http\\Request), Object(Closure))
#3 [internal function]: Illuminate\\Pipeline\\Pipeline->Illuminate\\Pipeline\\{closure}(Object(Laravel\\Lumen\\Http\\Request))
#4 E:\\wamp\\www\\upkeep\\vendor\\laravel\\lumen-framework\\src\\Routing\\Pipeline.php(32): call_user_func(Object(Closure), Object(Laravel\\Lumen\\Http\\Request))
#5 E:\\wamp\\www\\upkeep\\vendor\\illuminate\\pipeline\\Pipeline.php(105): Laravel\\Lumen\\Routing\\Pipeline->Laravel\\Lumen\\Routing\\{closure}(Object(Laravel\\Lumen\\Http\\Request))
#6 E:\\wamp\\www\\upkeep\\vendor\\laravel\\lumen-framework\\src\\Concerns\\RoutesRequests.php(413): Illuminate\\Pipeline\\Pipeline->then(Object(Closure))
#7 E:\\wamp\\www\\upkeep\\vendor\\laravel\\lumen-framework\\src\\Concerns\\RoutesRequests.php(259): Laravel\\Lumen\\Application->sendThroughPipeline(Array, Object(Closure))
#8 E:\\wamp\\www\\upkeep\\vendor\\laravel\\lumen-framework\\src\\Concerns\\RoutesRequests.php(165): Laravel\\Lumen\\Application->handleFoundRoute(Array)
#9 E:\\wamp\\www\\upkeep\\vendor\\laravel\\lumen-framework\\src\\Concerns\\RoutesRequests.php(416): Laravel\\Lumen\\Application->Laravel\\Lumen\\Concerns\\{closure}(Object(Laravel\\Lumen\\Http\\Request))
#10 E:\\wamp\\www\\upkeep\\vendor\\laravel\\lumen-framework\\src\\Concerns\\RoutesRequests.php(171): Laravel\\Lumen\\Application->sendThroughPipeline(Array, Object(Closure))
#11 E:\\wamp\\www\\upkeep\\vendor\\laravel\\lumen-framework\\src\\Concerns\\RoutesRequests.php(108): Laravel\\Lumen\\Application->dispatch(NULL)
#12 E:\\wamp\\www\\upkeep\\index.php(28): Laravel\\Lumen\\Application->run()
#13 {main}
"} 
