[2019-12-21 09:13:06] local.ERROR: PDOException: SQLSTATE[42000]: Syntax error or access violation: 1071 Specified key was too long; max key length is 1000 bytes in E:\wamp\www\upkeep\vendor\illuminate\database\Connection.php:463
Stack trace:
#0 E:\wamp\www\upkeep\vendor\illuminate\database\Connection.php(463): PDOStatement->execute()
#1 E:\wamp\www\upkeep\vendor\illuminate\database\Connection.php(662): Illuminate\Database\Connection->Illuminate\Database\{closure}('alter table `us...', Array)
#2 E:\wamp\www\upkeep\vendor\illuminate\database\Connection.php(629): Illuminate\Database\Connection->runQueryCallback('alter table `us...', Array, Object(Closure))
#3 E:\wamp\www\upkeep\vendor\illuminate\database\Connection.php(464): Illuminate\Database\Connection->run('alter table `us...', Array, Object(Closure))
#4 E:\wamp\www\upkeep\vendor\illuminate\database\Schema\Blueprint.php(97): Illuminate\Database\Connection->statement('alter table `us...')
#5 E:\wamp\www\upkeep\vendor\illuminate\database\Schema\Builder.php(290): Illuminate\Database\Schema\Blueprint->build(Object(Illuminate\Database\MySqlConnection), Object(Illuminate\Database\Schema\Grammars\MySqlGrammar))
#6 E:\wamp\www\upkeep\vendor\illuminate\database\Schema\Builder.php(167): Illuminate\Database\Schema\Builder->build(Object(Illuminate\Database\Schema\Blueprint))
#7 E:\wamp\www\upkeep\vendor\illuminate\support\Facades\Facade.php(261): Illuminate\Database\Schema\Builder->create('users', Object(Closure))
#8 E:\wamp\www\upkeep\database\migrations\2019_12_21_085015_create_users_table.php(26): Illuminate\Support\Facades\Facade::__callStatic('create', Array)
#9 E:\wamp\www\upkeep\vendor\illuminate\database\Migrations\Migrator.php(387): CreateUsersTable->up()
#10 E:\wamp\www\upkeep\vendor\illuminate\database\Migrations\Migrator.php(396): Illuminate\Database\Migrations\Migrator->Illuminate\Database\Migrations\{closure}()
#11 E:\wamp\www\upkeep\vendor\illuminate\database\Migrations\Migrator.php(197): Illuminate\Database\Migrations\Migrator->runMigration(Object(CreateUsersTable), 'up')
#12 E:\wamp\www\upkeep\vendor\illuminate\database\Migrations\Migrator.php(162): Illuminate\Database\Migrations\Migrator->runUp('E:\\wamp\\www\\upk...', 1, false)
#13 E:\wamp\www\upkeep\vendor\illuminate\database\Migrations\Migrator.php(109): Illuminate\Database\Migrations\Migrator->runPending(Array, Array)
#14 E:\wamp\www\upkeep\vendor\illuminate\database\Console\Migrations\MigrateCommand.php(71): Illuminate\Database\Migrations\Migrator->run(Array, Array)
#15 [internal function]: Illuminate\Database\Console\Migrations\MigrateCommand->handle()
#16 E:\wamp\www\upkeep\vendor\illuminate\container\BoundMethod.php(32): call_user_func_array(Array, Array)
#17 E:\wamp\www\upkeep\vendor\illuminate\container\Util.php(36): Illuminate\Container\BoundMethod::Illuminate\Container\{closure}()
#18 E:\wamp\www\upkeep\vendor\illuminate\container\BoundMethod.php(90): Illuminate\Container\Util::unwrapIfClosure(Object(Closure))
#19 E:\wamp\www\upkeep\vendor\illuminate\container\BoundMethod.php(34): Illuminate\Container\BoundMethod::callBoundMethod(Object(Laravel\Lumen\Application), Array, Object(Closure))
#20 E:\wamp\www\upkeep\vendor\illuminate\container\Container.php(590): Illuminate\Container\BoundMethod::call(Object(Laravel\Lumen\Application), Array, Array, NULL)
#21 E:\wamp\www\upkeep\vendor\illuminate\console\Command.php(202): Illuminate\Container\Container->call(Array)
#22 E:\wamp\www\upkeep\vendor\symfony\console\Command\Command.php(255): Illuminate\Console\Command->execute(Object(Symfony\Component\Console\Input\ArgvInput), Object(Illuminate\Console\OutputStyle))
#23 E:\wamp\www\upkeep\vendor\illuminate\console\Command.php(189): Symfony\Component\Console\Command\Command->run(Object(Symfony\Component\Console\Input\ArgvInput), Object(Illuminate\Console\OutputStyle))
#24 E:\wamp\www\upkeep\vendor\symfony\console\Application.php(1011): Illuminate\Console\Command->run(Object(Symfony\Component\Console\Input\ArgvInput), Object(Symfony\Component\Console\Output\ConsoleOutput))
#25 E:\wamp\www\upkeep\vendor\symfony\console\Application.php(272): Symfony\Component\Console\Application->doRunCommand(Object(Illuminate\Database\Console\Migrations\MigrateCommand), Object(Symfony\Component\Console\Input\ArgvInput), Object(Symfony\Component\Console\Output\ConsoleOutput))
#26 E:\wamp\www\upkeep\vendor\symfony\console\Application.php(148): Symfony\Component\Console\Application->doRun(Object(Symfony\Component\Console\Input\ArgvInput), Object(Symfony\Component\Console\Output\ConsoleOutput))
#27 E:\wamp\www\upkeep\vendor\illuminate\console\Application.php(93): Symfony\Component\Console\Application->run(Object(Symfony\Component\Console\Input\ArgvInput), Object(Symfony\Component\Console\Output\ConsoleOutput))
#28 E:\wamp\www\upkeep\vendor\laravel\lumen-framework\src\Console\Kernel.php(115): Illuminate\Console\Application->run(Object(Symfony\Component\Console\Input\ArgvInput), Object(Symfony\Component\Console\Output\ConsoleOutput))
#29 E:\wamp\www\upkeep\artisan(35): Laravel\Lumen\Console\Kernel->handle(Object(Symfony\Component\Console\Input\ArgvInput), Object(Symfony\Component\Console\Output\ConsoleOutput))
#30 {main}

Next Illuminate\Database\QueryException: SQLSTATE[42000]: Syntax error or access violation: 1071 Specified key was too long; max key length is 1000 bytes (SQL: alter table `users` add unique `users_email_unique`(`email`)) in E:\wamp\www\upkeep\vendor\illuminate\database\Connection.php:669
Stack trace:
#0 E:\wamp\www\upkeep\vendor\illuminate\database\Connection.php(629): Illuminate\Database\Connection->runQueryCallback('alter table `us...', Array, Object(Closure))
#1 E:\wamp\www\upkeep\vendor\illuminate\database\Connection.php(464): Illuminate\Database\Connection->run('alter table `us...', Array, Object(Closure))
#2 E:\wamp\www\upkeep\vendor\illuminate\database\Schema\Blueprint.php(97): Illuminate\Database\Connection->statement('alter table `us...')
#3 E:\wamp\www\upkeep\vendor\illuminate\database\Schema\Builder.php(290): Illuminate\Database\Schema\Blueprint->build(Object(Illuminate\Database\MySqlConnection), Object(Illuminate\Database\Schema\Grammars\MySqlGrammar))
#4 E:\wamp\www\upkeep\vendor\illuminate\database\Schema\Builder.php(167): Illuminate\Database\Schema\Builder->build(Object(Illuminate\Database\Schema\Blueprint))
#5 E:\wamp\www\upkeep\vendor\illuminate\support\Facades\Facade.php(261): Illuminate\Database\Schema\Builder->create('users', Object(Closure))
#6 E:\wamp\www\upkeep\database\migrations\2019_12_21_085015_create_users_table.php(26): Illuminate\Support\Facades\Facade::__callStatic('create', Array)
#7 E:\wamp\www\upkeep\vendor\illuminate\database\Migrations\Migrator.php(387): CreateUsersTable->up()
#8 E:\wamp\www\upkeep\vendor\illuminate\database\Migrations\Migrator.php(396): Illuminate\Database\Migrations\Migrator->Illuminate\Database\Migrations\{closure}()
#9 E:\wamp\www\upkeep\vendor\illuminate\database\Migrations\Migrator.php(197): Illuminate\Database\Migrations\Migrator->runMigration(Object(CreateUsersTable), 'up')
#10 E:\wamp\www\upkeep\vendor\illuminate\database\Migrations\Migrator.php(162): Illuminate\Database\Migrations\Migrator->runUp('E:\\wamp\\www\\upk...', 1, false)
#11 E:\wamp\www\upkeep\vendor\illuminate\database\Migrations\Migrator.php(109): Illuminate\Database\Migrations\Migrator->runPending(Array, Array)
#12 E:\wamp\www\upkeep\vendor\illuminate\database\Console\Migrations\MigrateCommand.php(71): Illuminate\Database\Migrations\Migrator->run(Array, Array)
#13 [internal function]: Illuminate\Database\Console\Migrations\MigrateCommand->handle()
#14 E:\wamp\www\upkeep\vendor\illuminate\container\BoundMethod.php(32): call_user_func_array(Array, Array)
#15 E:\wamp\www\upkeep\vendor\illuminate\container\Util.php(36): Illuminate\Container\BoundMethod::Illuminate\Container\{closure}()
#16 E:\wamp\www\upkeep\vendor\illuminate\container\BoundMethod.php(90): Illuminate\Container\Util::unwrapIfClosure(Object(Closure))
#17 E:\wamp\www\upkeep\vendor\illuminate\container\BoundMethod.php(34): Illuminate\Container\BoundMethod::callBoundMethod(Object(Laravel\Lumen\Application), Array, Object(Closure))
#18 E:\wamp\www\upkeep\vendor\illuminate\container\Container.php(590): Illuminate\Container\BoundMethod::call(Object(Laravel\Lumen\Application), Array, Array, NULL)
#19 E:\wamp\www\upkeep\vendor\illuminate\console\Command.php(202): Illuminate\Container\Container->call(Array)
#20 E:\wamp\www\upkeep\vendor\symfony\console\Command\Command.php(255): Illuminate\Console\Command->execute(Object(Symfony\Component\Console\Input\ArgvInput), Object(Illuminate\Console\OutputStyle))
#21 E:\wamp\www\upkeep\vendor\illuminate\console\Command.php(189): Symfony\Component\Console\Command\Command->run(Object(Symfony\Component\Console\Input\ArgvInput), Object(Illuminate\Console\OutputStyle))
#22 E:\wamp\www\upkeep\vendor\symfony\console\Application.php(1011): Illuminate\Console\Command->run(Object(Symfony\Component\Console\Input\ArgvInput), Object(Symfony\Component\Console\Output\ConsoleOutput))
#23 E:\wamp\www\upkeep\vendor\symfony\console\Application.php(272): Symfony\Component\Console\Application->doRunCommand(Object(Illuminate\Database\Console\Migrations\MigrateCommand), Object(Symfony\Component\Console\Input\ArgvInput), Object(Symfony\Component\Console\Output\ConsoleOutput))
#24 E:\wamp\www\upkeep\vendor\symfony\console\Application.php(148): Symfony\Component\Console\Application->doRun(Object(Symfony\Component\Console\Input\ArgvInput), Object(Symfony\Component\Console\Output\ConsoleOutput))
#25 E:\wamp\www\upkeep\vendor\illuminate\console\Application.php(93): Symfony\Component\Console\Application->run(Object(Symfony\Component\Console\Input\ArgvInput), Object(Symfony\Component\Console\Output\ConsoleOutput))
#26 E:\wamp\www\upkeep\vendor\laravel\lumen-framework\src\Console\Kernel.php(115): Illuminate\Console\Application->run(Object(Symfony\Component\Console\Input\ArgvInput), Object(Symfony\Component\Console\Output\ConsoleOutput))
#27 E:\wamp\www\upkeep\artisan(35): Laravel\Lumen\Console\Kernel->handle(Object(Symfony\Component\Console\Input\ArgvInput), Object(Symfony\Component\Console\Output\ConsoleOutput))
#28 {main} {"exception":"[object] (Illuminate\\Database\\QueryException(code: 42000): SQLSTATE[42000]: Syntax error or access violation: 1071 Specified key was too long; max key length is 1000 bytes (SQL: alter table `users` add unique `users_email_unique`(`email`)) at E:\\wamp\\www\\upkeep\\vendor\\illuminate\\database\\Connection.php:669)
[stacktrace]
#0 E:\\wamp\\www\\upkeep\\vendor\\illuminate\\database\\Connection.php(629): Illuminate\\Database\\Connection->runQueryCallback('alter table `us...', Array, Object(Closure))
#1 E:\\wamp\\www\\upkeep\\vendor\\illuminate\\database\\Connection.php(464): Illuminate\\Database\\Connection->run('alter table `us...', Array, Object(Closure))
#2 E:\\wamp\\www\\upkeep\\vendor\\illuminate\\database\\Schema\\Blueprint.php(97): Illuminate\\Database\\Connection->statement('alter table `us...')
#3 E:\\wamp\\www\\upkeep\\vendor\\illuminate\\database\\Schema\\Builder.php(290): Illuminate\\Database\\Schema\\Blueprint->build(Object(Illuminate\\Database\\MySqlConnection), Object(Illuminate\\Database\\Schema\\Grammars\\MySqlGrammar))
#4 E:\\wamp\\www\\upkeep\\vendor\\illuminate\\database\\Schema\\Builder.php(167): Illuminate\\Database\\Schema\\Builder->build(Object(Illuminate\\Database\\Schema\\Blueprint))
#5 E:\\wamp\\www\\upkeep\\vendor\\illuminate\\support\\Facades\\Facade.php(261): Illuminate\\Database\\Schema\\Builder->create('users', Object(Closure))
#6 E:\\wamp\\www\\upkeep\\database\\migrations\\2019_12_21_085015_create_users_table.php(26): Illuminate\\Support\\Facades\\Facade::__callStatic('create', Array)
#7 E:\\wamp\\www\\upkeep\\vendor\\illuminate\\database\\Migrations\\Migrator.php(387): CreateUsersTable->up()
#8 E:\\wamp\\www\\upkeep\\vendor\\illuminate\\database\\Migrations\\Migrator.php(396): Illuminate\\Database\\Migrations\\Migrator->Illuminate\\Database\\Migrations\\{closure}()
#9 E:\\wamp\\www\\upkeep\\vendor\\illuminate\\database\\Migrations\\Migrator.php(197): Illuminate\\Database\\Migrations\\Migrator->runMigration(Object(CreateUsersTable), 'up')
#10 E:\\wamp\\www\\upkeep\\vendor\\illuminate\\database\\Migrations\\Migrator.php(162): Illuminate\\Database\\Migrations\\Migrator->runUp('E:\\\\wamp\\\\www\\\\upk...', 1, false)
#11 E:\\wamp\\www\\upkeep\\vendor\\illuminate\\database\\Migrations\\Migrator.php(109): Illuminate\\Database\\Migrations\\Migrator->runPending(Array, Array)
#12 E:\\wamp\\www\\upkeep\\vendor\\illuminate\\database\\Console\\Migrations\\MigrateCommand.php(71): Illuminate\\Database\\Migrations\\Migrator->run(Array, Array)
#13 [internal function]: Illuminate\\Database\\Console\\Migrations\\MigrateCommand->handle()
#14 E:\\wamp\\www\\upkeep\\vendor\\illuminate\\container\\BoundMethod.php(32): call_user_func_array(Array, Array)
#15 E:\\wamp\\www\\upkeep\\vendor\\illuminate\\container\\Util.php(36): Illuminate\\Container\\BoundMethod::Illuminate\\Container\\{closure}()
#16 E:\\wamp\\www\\upkeep\\vendor\\illuminate\\container\\BoundMethod.php(90): Illuminate\\Container\\Util::unwrapIfClosure(Object(Closure))
#17 E:\\wamp\\www\\upkeep\\vendor\\illuminate\\container\\BoundMethod.php(34): Illuminate\\Container\\BoundMethod::callBoundMethod(Object(Laravel\\Lumen\\Application), Array, Object(Closure))
#18 E:\\wamp\\www\\upkeep\\vendor\\illuminate\\container\\Container.php(590): Illuminate\\Container\\BoundMethod::call(Object(Laravel\\Lumen\\Application), Array, Array, NULL)
#19 E:\\wamp\\www\\upkeep\\vendor\\illuminate\\console\\Command.php(202): Illuminate\\Container\\Container->call(Array)
#20 E:\\wamp\\www\\upkeep\\vendor\\symfony\\console\\Command\\Command.php(255): Illuminate\\Console\\Command->execute(Object(Symfony\\Component\\Console\\Input\\ArgvInput), Object(Illuminate\\Console\\OutputStyle))
#21 E:\\wamp\\www\\upkeep\\vendor\\illuminate\\console\\Command.php(189): Symfony\\Component\\Console\\Command\\Command->run(Object(Symfony\\Component\\Console\\Input\\ArgvInput), Object(Illuminate\\Console\\OutputStyle))
#22 E:\\wamp\\www\\upkeep\\vendor\\symfony\\console\\Application.php(1011): Illuminate\\Console\\Command->run(Object(Symfony\\Component\\Console\\Input\\ArgvInput), Object(Symfony\\Component\\Console\\Output\\ConsoleOutput))
#23 E:\\wamp\\www\\upkeep\\vendor\\symfony\\console\\Application.php(272): Symfony\\Component\\Console\\Application->doRunCommand(Object(Illuminate\\Database\\Console\\Migrations\\MigrateCommand), Object(Symfony\\Component\\Console\\Input\\ArgvInput), Object(Symfony\\Component\\Console\\Output\\ConsoleOutput))
#24 E:\\wamp\\www\\upkeep\\vendor\\symfony\\console\\Application.php(148): Symfony\\Component\\Console\\Application->doRun(Object(Symfony\\Component\\Console\\Input\\ArgvInput), Object(Symfony\\Component\\Console\\Output\\ConsoleOutput))
#25 E:\\wamp\\www\\upkeep\\vendor\\illuminate\\console\\Application.php(93): Symfony\\Component\\Console\\Application->run(Object(Symfony\\Component\\Console\\Input\\ArgvInput), Object(Symfony\\Component\\Console\\Output\\ConsoleOutput))
#26 E:\\wamp\\www\\upkeep\\vendor\\laravel\\lumen-framework\\src\\Console\\Kernel.php(115): Illuminate\\Console\\Application->run(Object(Symfony\\Component\\Console\\Input\\ArgvInput), Object(Symfony\\Component\\Console\\Output\\ConsoleOutput))
#27 E:\\wamp\\www\\upkeep\\artisan(35): Laravel\\Lumen\\Console\\Kernel->handle(Object(Symfony\\Component\\Console\\Input\\ArgvInput), Object(Symfony\\Component\\Console\\Output\\ConsoleOutput))
#28 {main}

[previous exception] [object] (PDOException(code: 42000): SQLSTATE[42000]: Syntax error or access violation: 1071 Specified key was too long; max key length is 1000 bytes at E:\\wamp\\www\\upkeep\\vendor\\illuminate\\database\\Connection.php:463)
[stacktrace]
#0 E:\\wamp\\www\\upkeep\\vendor\\illuminate\\database\\Connection.php(463): PDOStatement->execute()
#1 E:\\wamp\\www\\upkeep\\vendor\\illuminate\\database\\Connection.php(662): Illuminate\\Database\\Connection->Illuminate\\Database\\{closure}('alter table `us...', Array)
#2 E:\\wamp\\www\\upkeep\\vendor\\illuminate\\database\\Connection.php(629): Illuminate\\Database\\Connection->runQueryCallback('alter table `us...', Array, Object(Closure))
#3 E:\\wamp\\www\\upkeep\\vendor\\illuminate\\database\\Connection.php(464): Illuminate\\Database\\Connection->run('alter table `us...', Array, Object(Closure))
#4 E:\\wamp\\www\\upkeep\\vendor\\illuminate\\database\\Schema\\Blueprint.php(97): Illuminate\\Database\\Connection->statement('alter table `us...')
#5 E:\\wamp\\www\\upkeep\\vendor\\illuminate\\database\\Schema\\Builder.php(290): Illuminate\\Database\\Schema\\Blueprint->build(Object(Illuminate\\Database\\MySqlConnection), Object(Illuminate\\Database\\Schema\\Grammars\\MySqlGrammar))
#6 E:\\wamp\\www\\upkeep\\vendor\\illuminate\\database\\Schema\\Builder.php(167): Illuminate\\Database\\Schema\\Builder->build(Object(Illuminate\\Database\\Schema\\Blueprint))
#7 E:\\wamp\\www\\upkeep\\vendor\\illuminate\\support\\Facades\\Facade.php(261): Illuminate\\Database\\Schema\\Builder->create('users', Object(Closure))
#8 E:\\wamp\\www\\upkeep\\database\\migrations\\2019_12_21_085015_create_users_table.php(26): Illuminate\\Support\\Facades\\Facade::__callStatic('create', Array)
#9 E:\\wamp\\www\\upkeep\\vendor\\illuminate\\database\\Migrations\\Migrator.php(387): CreateUsersTable->up()
#10 E:\\wamp\\www\\upkeep\\vendor\\illuminate\\database\\Migrations\\Migrator.php(396): Illuminate\\Database\\Migrations\\Migrator->Illuminate\\Database\\Migrations\\{closure}()
#11 E:\\wamp\\www\\upkeep\\vendor\\illuminate\\database\\Migrations\\Migrator.php(197): Illuminate\\Database\\Migrations\\Migrator->runMigration(Object(CreateUsersTable), 'up')
#12 E:\\wamp\\www\\upkeep\\vendor\\illuminate\\database\\Migrations\\Migrator.php(162): Illuminate\\Database\\Migrations\\Migrator->runUp('E:\\\\wamp\\\\www\\\\upk...', 1, false)
#13 E:\\wamp\\www\\upkeep\\vendor\\illuminate\\database\\Migrations\\Migrator.php(109): Illuminate\\Database\\Migrations\\Migrator->runPending(Array, Array)
#14 E:\\wamp\\www\\upkeep\\vendor\\illuminate\\database\\Console\\Migrations\\MigrateCommand.php(71): Illuminate\\Database\\Migrations\\Migrator->run(Array, Array)
#15 [internal function]: Illuminate\\Database\\Console\\Migrations\\MigrateCommand->handle()
#16 E:\\wamp\\www\\upkeep\\vendor\\illuminate\\container\\BoundMethod.php(32): call_user_func_array(Array, Array)
#17 E:\\wamp\\www\\upkeep\\vendor\\illuminate\\container\\Util.php(36): Illuminate\\Container\\BoundMethod::Illuminate\\Container\\{closure}()
#18 E:\\wamp\\www\\upkeep\\vendor\\illuminate\\container\\BoundMethod.php(90): Illuminate\\Container\\Util::unwrapIfClosure(Object(Closure))
#19 E:\\wamp\\www\\upkeep\\vendor\\illuminate\\container\\BoundMethod.php(34): Illuminate\\Container\\BoundMethod::callBoundMethod(Object(Laravel\\Lumen\\Application), Array, Object(Closure))
#20 E:\\wamp\\www\\upkeep\\vendor\\illuminate\\container\\Container.php(590): Illuminate\\Container\\BoundMethod::call(Object(Laravel\\Lumen\\Application), Array, Array, NULL)
#21 E:\\wamp\\www\\upkeep\\vendor\\illuminate\\console\\Command.php(202): Illuminate\\Container\\Container->call(Array)
#22 E:\\wamp\\www\\upkeep\\vendor\\symfony\\console\\Command\\Command.php(255): Illuminate\\Console\\Command->execute(Object(Symfony\\Component\\Console\\Input\\ArgvInput), Object(Illuminate\\Console\\OutputStyle))
#23 E:\\wamp\\www\\upkeep\\vendor\\illuminate\\console\\Command.php(189): Symfony\\Component\\Console\\Command\\Command->run(Object(Symfony\\Component\\Console\\Input\\ArgvInput), Object(Illuminate\\Console\\OutputStyle))
#24 E:\\wamp\\www\\upkeep\\vendor\\symfony\\console\\Application.php(1011): Illuminate\\Console\\Command->run(Object(Symfony\\Component\\Console\\Input\\ArgvInput), Object(Symfony\\Component\\Console\\Output\\ConsoleOutput))
#25 E:\\wamp\\www\\upkeep\\vendor\\symfony\\console\\Application.php(272): Symfony\\Component\\Console\\Application->doRunCommand(Object(Illuminate\\Database\\Console\\Migrations\\MigrateCommand), Object(Symfony\\Component\\Console\\Input\\ArgvInput), Object(Symfony\\Component\\Console\\Output\\ConsoleOutput))
#26 E:\\wamp\\www\\upkeep\\vendor\\symfony\\console\\Application.php(148): Symfony\\Component\\Console\\Application->doRun(Object(Symfony\\Component\\Console\\Input\\ArgvInput), Object(Symfony\\Component\\Console\\Output\\ConsoleOutput))
#27 E:\\wamp\\www\\upkeep\\vendor\\illuminate\\console\\Application.php(93): Symfony\\Component\\Console\\Application->run(Object(Symfony\\Component\\Console\\Input\\ArgvInput), Object(Symfony\\Component\\Console\\Output\\ConsoleOutput))
#28 E:\\wamp\\www\\upkeep\\vendor\\laravel\\lumen-framework\\src\\Console\\Kernel.php(115): Illuminate\\Console\\Application->run(Object(Symfony\\Component\\Console\\Input\\ArgvInput), Object(Symfony\\Component\\Console\\Output\\ConsoleOutput))
#29 E:\\wamp\\www\\upkeep\\artisan(35): Laravel\\Lumen\\Console\\Kernel->handle(Object(Symfony\\Component\\Console\\Input\\ArgvInput), Object(Symfony\\Component\\Console\\Output\\ConsoleOutput))
#30 {main}
"} 
